\BOOKMARK [1][-]{section.1}{\376\377\000T\000r\000a\000s\000l\000a\000c\000i\000o\000n\000e\000s}{}% 1
\BOOKMARK [2][-]{subsection.1.1}{\376\377\000E\000j\000e\000r\000c\000i\000c\000i\000o\000\040\0001}{section.1}% 2
\BOOKMARK [2][-]{subsection.1.2}{\376\377\000E\000j\000e\000r\000c\000i\000c\000i\000o\000\040\0002}{section.1}% 3
\BOOKMARK [2][-]{subsection.1.3}{\376\377\000E\000j\000e\000r\000c\000i\000c\000i\000o\000\040\0003}{section.1}% 4
\BOOKMARK [2][-]{subsection.1.4}{\376\377\000E\000j\000e\000r\000c\000i\000c\000i\000o\000\040\0004}{section.1}% 5
\BOOKMARK [2][-]{subsection.1.5}{\376\377\000E\000j\000e\000r\000c\000i\000c\000i\000o\000\040\0005}{section.1}% 6
\BOOKMARK [2][-]{subsection.1.6}{\376\377\000E\000j\000e\000r\000c\000i\000c\000i\000o\000\040\0006}{section.1}% 7
\BOOKMARK [1][-]{section.2}{\376\377\000R\000o\000t\000a\000c\000i\000o\000n\000e\000s}{}% 8
\BOOKMARK [2][-]{subsection.2.1}{\376\377\000E\000j\000e\000r\000c\000i\000c\000i\000o\000\040\0007}{section.2}% 9
\BOOKMARK [2][-]{subsection.2.2}{\376\377\000E\000j\000e\000r\000c\000i\000c\000i\000o\000\040\0008}{section.2}% 10
\BOOKMARK [2][-]{subsection.2.3}{\376\377\000E\000j\000e\000r\000c\000i\000c\000i\000o\000\040\0009}{section.2}% 11
\BOOKMARK [2][-]{subsection.2.4}{\376\377\000E\000j\000e\000r\000c\000i\000c\000i\000o\000\040\0001\0000}{section.2}% 12
\BOOKMARK [2][-]{subsection.2.5}{\376\377\000E\000j\000e\000r\000c\000i\000c\000i\000o\000\040\0001\0001}{section.2}% 13
\BOOKMARK [2][-]{subsection.2.6}{\376\377\000E\000j\000e\000r\000c\000i\000c\000i\000o\000\040\0001\0002}{section.2}% 14
\BOOKMARK [1][-]{section.3}{\376\377\000S\000i\000m\000e\000t\000r\000\355\000a\000s}{}% 15
\BOOKMARK [2][-]{subsection.3.1}{\376\377\000E\000j\000e\000r\000c\000i\000c\000i\000o\000\040\0001\0003}{section.3}% 16
\BOOKMARK [2][-]{subsection.3.2}{\376\377\000E\000j\000e\000r\000c\000i\000c\000i\000o\000\040\0001\0004}{section.3}% 17
\BOOKMARK [2][-]{subsection.3.3}{\376\377\000E\000j\000e\000r\000c\000i\000c\000i\000o\000\040\0001\0005}{section.3}% 18
\BOOKMARK [2][-]{subsection.3.4}{\376\377\000E\000j\000e\000r\000c\000i\000c\000i\000o\000\040\0001\0006}{section.3}% 19
\BOOKMARK [2][-]{subsection.3.5}{\376\377\000E\000j\000e\000r\000c\000i\000c\000i\000o\000\040\0001\0007}{section.3}% 20
\BOOKMARK [2][-]{subsection.3.6}{\376\377\000E\000j\000e\000r\000c\000i\000c\000i\000o\000\040\0001\0008}{section.3}% 21
\BOOKMARK [1][-]{section.4}{\376\377\000H\000o\000m\000o\000t\000e\000c\000i\000a\000s}{}% 22
\BOOKMARK [2][-]{subsection.4.1}{\376\377\000E\000j\000e\000r\000c\000i\000c\000i\000o\000\040\0001\0009}{section.4}% 23
\BOOKMARK [2][-]{subsection.4.2}{\376\377\000E\000j\000e\000r\000c\000i\000c\000i\000o\000\040\0002\0000}{section.4}% 24
\BOOKMARK [2][-]{subsection.4.3}{\376\377\000E\000j\000e\000r\000c\000i\000c\000i\000o\000\040\0002\0001}{section.4}% 25
\BOOKMARK [2][-]{subsection.4.4}{\376\377\000E\000j\000e\000r\000c\000i\000c\000i\000o\000\040\0002\0002}{section.4}% 26
\BOOKMARK [2][-]{subsection.4.5}{\376\377\000E\000j\000e\000r\000c\000i\000c\000i\000o\000\040\0002\0003}{section.4}% 27
\BOOKMARK [2][-]{subsection.4.6}{\376\377\000E\000j\000e\000r\000c\000i\000c\000i\000o\000\040\0002\0004}{section.4}% 28
