========== 2025-05-29 08:53:44 ==========
Mensaje de commit (dejar vacío para 'Auto-commit'): Haciendo commit...
[main 2828dae] p
 2 files changed, 38 insertions(+), 30 deletions(-)
 create mode 100644 push.log
Haciendo push...
To github.com:F-Patata2008/Apunte
   7f78402..2828dae  main -> main
branch 'main' set up to track 'origin/main'.
[2025-05-29 08:53:44] ✅ Push exitoso
========== 2025-05-29 08:57:15 ==========
Mensaje de commit (dejar vacío para 'Auto-commit'): Haciendo commit...
[main a1eaec1] Auto-commit: 2025-05-29 08:57:15
 2 files changed, 11 insertions(+), 1 deletion(-)
Haciendo push...
branch 'main' set up to track 'origin/main'.
[2025-05-29 08:57:15] ✅ Push exitoso
========== 2025-05-29 09:00:14 ==========
Mensaje de commit (dejar vacío para 'Auto-commit'): Haciendo commit...
[main 0497942] Auto-commit: 2025-05-29 09:00:14
 2 files changed, 3 insertions(+)
Haciendo push...
branch 'main' set up to track 'origin/main'.
[2025-05-29 09:00:14] ✅ Push exitoso
========== 2025-05-29 09:02:53 ==========
Mensaje de commit (dejar vacío para 'Auto-commit'): Haciendo commit...
[main c8bc5a6] Auto-commit: 2025-05-29 09:02:53
 2 files changed, 2 insertions(+)
Haciendo push...
branch 'main' set up to track 'origin/main'.
[2025-05-29 09:02:53] ✅ Push exitoso
========== 2025-05-29 14:53:10 ==========
Mensaje de commit (dejar vacío para 'Auto-commit'): Haciendo commit...
[main f556d38] Auto-commit: 2025-05-29 14:53:10
 1 file changed, 7 insertions(+)
Haciendo push...
branch 'main' set up to track 'origin/main'.
[2025-05-29 14:53:10] ✅ Push exitoso
========== 2025-05-29 22:34:24 ==========
