This is pdfTeX, Version 3.141592653-2.6-1.40.29 (TeX Live 2026/Arch Linux) (preloaded format=pdflatex 2026.3.6)  24 MAR 2026 12:42
entering extended mode
 restricted \write18 enabled.
 file:line:error style messages enabled.
 %&-line parsing enabled.
**Apunte.tex
(./Apunte.tex
LaTeX2e <2025-11-01>
L3 programming layer <2026-01-19>
(/usr/share/texmf-dist/tex/latex/base/article.cls
Document Class: article 2025/01/22 v1.4n Standard LaTeX document class
(/usr/share/texmf-dist/tex/latex/base/size12.clo
File: size12.clo 2025/01/22 v1.4n Standard LaTeX file (size option)
)
\c@part=\count275
\c@section=\count276
\c@subsection=\count277
\c@subsubsection=\count278
\c@paragraph=\count279
\c@subparagraph=\count280
\c@figure=\count281
\c@table=\count282
\abovecaptionskip=\skip49
\belowcaptionskip=\skip50
\bibindent=\dimen148
) (/usr/share/texmf-dist/tex/latex/base/inputenc.sty
Package: inputenc 2024/02/08 v1.3d Input encoding file
\inpenc@prehook=\toks17
\inpenc@posthook=\toks18
) (/usr/share/texmf-dist/tex/latex/base/fontenc.sty
Package: fontenc 2025/07/18 v2.1d Standard LaTeX package
) (/usr/share/texmf-dist/tex/latex/amsmath/amsmath.sty
Package: amsmath 2025/07/09 v2.17z AMS math features
\@mathmargin=\skip51

For additional information on amsmath, use the `?' option.
(/usr/share/texmf-dist/tex/latex/amsmath/amstext.sty
Package: amstext 2024/11/17 v2.01 AMS text
 (/usr/share/texmf-dist/tex/latex/amsmath/amsgen.sty
File: amsgen.sty 1999/11/30 v2.0 generic functions
\@emptytoks=\toks19
\ex@=\dimen149
)) (/usr/share/texmf-dist/tex/latex/amsmath/amsbsy.sty
Package: amsbsy 1999/11/29 v1.2d Bold Symbols
\pmbraise@=\dimen150
) (/usr/share/texmf-dist/tex/latex/amsmath/amsopn.sty
Package: amsopn 2022/04/08 v2.04 operator names
)
\inf@bad=\count283
LaTeX Info: Redefining \frac on input line 233.
\uproot@=\count284
\leftroot@=\count285
LaTeX Info: Redefining \overline on input line 398.
LaTeX Info: Redefining \colon on input line 409.
\classnum@=\count286
\DOTSCASE@=\count287
LaTeX Info: Redefining \ldots on input line 495.
LaTeX Info: Redefining \dots on input line 498.
LaTeX Info: Redefining \cdots on input line 619.
\Mathstrutbox@=\box53
\strutbox@=\box54
LaTeX Info: Redefining \big on input line 721.
LaTeX Info: Redefining \Big on input line 722.
LaTeX Info: Redefining \bigg on input line 723.
LaTeX Info: Redefining \Bigg on input line 724.
\big@size=\dimen151
LaTeX Font Info:    Redeclaring font encoding OML on input line 742.
LaTeX Font Info:    Redeclaring font encoding OMS on input line 743.
\macc@depth=\count288
LaTeX Info: Redefining \bmod on input line 904.
LaTeX Info: Redefining \pmod on input line 909.
LaTeX Info: Redefining \smash on input line 939.
LaTeX Info: Redefining \relbar on input line 969.
LaTeX Info: Redefining \Relbar on input line 970.
\c@MaxMatrixCols=\count289
\dotsspace@=\muskip17
\c@parentequation=\count290
\dspbrk@lvl=\count291
\tag@help=\toks20
\row@=\count292
\column@=\count293
\maxfields@=\count294
\andhelp@=\toks21
\eqnshift@=\dimen152
\alignsep@=\dimen153
\tagshift@=\dimen154
\tagwidth@=\dimen155
\totwidth@=\dimen156
\lineht@=\dimen157
\@envbody=\toks22
\multlinegap=\skip52
\multlinetaggap=\skip53
\mathdisplay@stack=\toks23
LaTeX Info: Redefining \[ on input line 2950.
LaTeX Info: Redefining \] on input line 2951.
) (/usr/share/texmf-dist/tex/latex/amsfonts/amssymb.sty
Package: amssymb 2013/01/14 v3.01 AMS font symbols
 (/usr/share/texmf-dist/tex/latex/amsfonts/amsfonts.sty
Package: amsfonts 2013/01/14 v3.01 Basic AMSFonts support
\symAMSa=\mathgroup4
\symAMSb=\mathgroup5
LaTeX Font Info:    Redeclaring math symbol \hbar on input line 98.
LaTeX Font Info:    Overwriting math alphabet `\mathfrak' in version `bold'
(Font)                  U/euf/m/n --> U/euf/b/n on input line 106.
)) (/usr/share/texmf-dist/tex/latex/graphics/graphicx.sty
Package: graphicx 2024/12/31 v1.2e Enhanced LaTeX Graphics (DPC,SPQR)
 (/usr/share/texmf-dist/tex/latex/graphics/keyval.sty
Package: keyval 2022/05/29 v1.15 key=value parser (DPC)
\KV@toks@=\toks24
) (/usr/share/texmf-dist/tex/latex/graphics/graphics.sty
Package: graphics 2024/08/06 v1.4g Standard LaTeX Graphics (DPC,SPQR)
 (/usr/share/texmf-dist/tex/latex/graphics/trig.sty
Package: trig 2023/12/02 v1.11 sin cos tan (DPC)
) (/usr/share/texmf-dist/tex/latex/graphics-cfg/graphics.cfg
File: graphics.cfg 2016/06/04 v1.11 sample graphics configuration
)
Package graphics Info: Driver file: pdftex.def on input line 106.
 (/usr/share/texmf-dist/tex/latex/graphics-def/pdftex.def
File: pdftex.def 2025/09/29 v1.2d Graphics/color driver for pdftex
))
\Gin@req@height=\dimen158
\Gin@req@width=\dimen159
) (/usr/share/texmf-dist/tex/generic/babel/babel.sty
Package: babel 2026/02/14 v26.3 The multilingual framework for LuaLaTeX, pdfLaTeX and XeLaTeX
\babel@savecnt=\count295
LaTeX Encoding Info:    Redeclaring text command \ij (encoding OT1) on input line 2078.
LaTeX Encoding Info:    Redeclaring text command \IJ (encoding OT1) on input line 2080.
LaTeX Encoding Info:    Redeclaring text command \ij (encoding T1) on input line 2082.
LaTeX Encoding Info:    Redeclaring text command \IJ (encoding T1) on input line 2083.
LaTeX Encoding Info:    Ignoring declaration for text command \ij (encoding ?) on input line 2084.
LaTeX Encoding Info:    Ignoring declaration for text command \IJ (encoding ?) on input line 2086.
LaTeX Encoding Info:    Ignoring declaration for text command \SS (encoding ?) on input line 2111.
\U@D=\dimen160
\l@unhyphenated=\language8
 (/usr/share/texmf-dist/tex/generic/babel/txtbabel.def)
\bbl@readstream=\read2
\bbl@dirlevel=\count296
 (/usr/share/texmf-dist/tex/generic/babel/locale/es/babel-spanish.tex)
Package babel Info: Importing font and identification data for spanish
(babel)             from babel-es.ini. Reported on input line 4330.
 (/usr/share/texmf-dist/tex/generic/babel-spanish/spanish.ldf
Language: spanish.ldf 2021/05/27 v5.0q Spanish support from the babel system
\es@quottoks=\toks25
\es@quotdepth=\count297
Package babel Info: Making " an active character on input line 570.
Package babel Info: Making . an active character on input line 675.
Package babel Info: Making < an active character on input line 722.
Package babel Info: Making > an active character on input line 722.
))
LaTeX Encoding Info:    Redeclaring text command \guillemotleft (encoding OT1) on input line 8.
LaTeX Encoding Info:    Redeclaring text command \guillemotright (encoding OT1) on input line 8.
 (/usr/share/texmf-dist/tex/latex/tools/tabularx.sty
Package: tabularx 2023/12/11 v2.12a `tabularx' package (DPC)
 (/usr/share/texmf-dist/tex/latex/tools/array.sty
Package: array 2025/09/25 v2.6n Tabular extension package (FMi)
\col@sep=\dimen161
\ar@mcellbox=\box55
\extrarowheight=\dimen162
\NC@list=\toks26
\extratabsurround=\skip54
\backup@length=\skip55
\ar@cellbox=\box56
)
\TX@col@width=\dimen163
\TX@old@table=\dimen164
\TX@old@col=\dimen165
\TX@target=\dimen166
\TX@delta=\dimen167
\TX@cols=\count298
\TX@ftn=\toks27
) (/usr/share/texmf-dist/tex/latex/enumitem/enumitem.sty
Package: enumitem 2025/02/06 v3.11 Customized lists
\labelindent=\skip56
\enit@outerparindent=\dimen168
\enit@toks=\toks28
\enit@inbox=\box57
\enit@count@id=\count299
\enitdp@description=\count300
) (/usr/share/texmf-dist/tex/latex/microtype/microtype.sty
Package: microtype 2026/03/01 v3.2d Micro-typographical refinements (RS)
 (/usr/share/texmf-dist/tex/latex/etoolbox/etoolbox.sty
Package: etoolbox 2025/10/02 v2.5m e-TeX tools for LaTeX (JAW)
\etb@tempcnta=\count301
)
\MT@toks=\toks29
\MT@tempbox=\box58
\MT@count=\count302
LaTeX Info: Redefining \noprotrusionifhmode on input line 1084.
LaTeX Info: Redefining \leftprotrusion on input line 1085.
\MT@prot@toks=\toks30
LaTeX Info: Redefining \rightprotrusion on input line 1104.
LaTeX Info: Redefining \textls on input line 1449.
\MT@outer@kern=\dimen169
LaTeX Info: Redefining \microtypecontext on input line 2053.
LaTeX Info: Redefining \textmicrotypecontext on input line 2070.
\MT@listname@count=\count303
 (/usr/share/texmf-dist/tex/latex/microtype/microtype-pdftex.def
File: microtype-pdftex.def 2026/03/01 v3.2d Definitions specific to pdftex (RS)
LaTeX Info: Redefining \lsstyle on input line 944.
LaTeX Info: Redefining \lslig on input line 944.
\MT@outer@space=\skip57
)
Package microtype Info: Loading configuration file microtype.cfg.
 (/usr/share/texmf-dist/tex/latex/microtype/microtype.cfg
File: microtype.cfg 2026/03/01 v3.2d microtype main configuration file (RS)
)
LaTeX Info: Redefining \microtypesetup on input line 3065.
) (/usr/share/texmf-dist/tex/latex/fancyhdr/fancyhdr.sty
Package: fancyhdr 2025/02/07 v5.2 Extensive control of page headers and footers
\f@nch@headwidth=\skip58
\f@nch@offset@elh=\skip59
\f@nch@offset@erh=\skip60
\f@nch@offset@olh=\skip61
\f@nch@offset@orh=\skip62
\f@nch@offset@elf=\skip63
\f@nch@offset@erf=\skip64
\f@nch@offset@olf=\skip65
\f@nch@offset@orf=\skip66
\f@nch@height=\skip67
\f@nch@footalignment=\skip68
\f@nch@widthL=\skip69
\f@nch@widthC=\skip70
\f@nch@widthR=\skip71
\@temptokenb=\toks31
) (/usr/share/texmf-dist/tex/latex/hyperref/hyperref.sty
Package: hyperref 2026-01-29 v7.01p Hypertext links for LaTeX
 (/usr/share/texmf-dist/tex/generic/iftex/iftex.sty
Package: iftex 2024/12/12 v1.0g TeX engine tests
) (/usr/share/texmf-dist/tex/latex/kvsetkeys/kvsetkeys.sty
Package: kvsetkeys 2022-10-05 v1.19 Key value parser (HO)
) (/usr/share/texmf-dist/tex/generic/kvdefinekeys/kvdefinekeys.sty
Package: kvdefinekeys 2019-12-19 v1.6 Define keys (HO)
) (/usr/share/texmf-dist/tex/generic/pdfescape/pdfescape.sty
Package: pdfescape 2019/12/09 v1.15 Implements pdfTeX's escape features (HO)
 (/usr/share/texmf-dist/tex/generic/ltxcmds/ltxcmds.sty
Package: ltxcmds 2023-12-04 v1.26 LaTeX kernel commands for general use (HO)
) (/usr/share/texmf-dist/tex/generic/pdftexcmds/pdftexcmds.sty
Package: pdftexcmds 2020-06-27 v0.33 Utility functions of pdfTeX for LuaTeX (HO)
 (/usr/share/texmf-dist/tex/generic/infwarerr/infwarerr.sty
Package: infwarerr 2019/12/03 v1.5 Providing info/warning/error messages (HO)
)
Package pdftexcmds Info: \pdf@primitive is available.
Package pdftexcmds Info: \pdf@ifprimitive is available.
Package pdftexcmds Info: \pdfdraftmode found.
)) (/usr/share/texmf-dist/tex/latex/hycolor/hycolor.sty
Package: hycolor 2020-01-27 v1.10 Color options for hyperref/bookmark (HO)
) (/usr/share/texmf-dist/tex/latex/hyperref/nameref.sty
Package: nameref 2026-01-29 v2.58 Cross-referencing by name of section
 (/usr/share/texmf-dist/tex/latex/refcount/refcount.sty
Package: refcount 2019/12/15 v3.6 Data extraction from label references (HO)
)
(/usr/share/texmf-dist/tex/generic/gettitlestring/gettitlestring.sty
Package: gettitlestring 2019/12/15 v1.6 Cleanup title references (HO)
 (/usr/share/texmf-dist/tex/latex/kvoptions/kvoptions.sty
Package: kvoptions 2022-06-15 v3.15 Key value format for package options (HO)
))
\c@section@level=\count304
) (/usr/share/texmf-dist/tex/generic/stringenc/stringenc.sty
Package: stringenc 2019/11/29 v1.12 Convert strings between diff. encodings (HO)
)
\@linkdim=\dimen170
\Hy@linkcounter=\count305
\Hy@pagecounter=\count306
 (/usr/share/texmf-dist/tex/latex/hyperref/pd1enc.def
File: pd1enc.def 2026-01-29 v7.01p Hyperref: PDFDocEncoding definition (HO)
Now handling font encoding PD1 ...
... no UTF-8 mapping file for font encoding PD1
) (/usr/share/texmf-dist/tex/generic/intcalc/intcalc.sty
Package: intcalc 2019/12/15 v1.3 Expandable calculations with integers (HO)
)
\Hy@SavedSpaceFactor=\count307
 (/usr/share/texmf-dist/tex/latex/hyperref/puenc.def
File: puenc.def 2026-01-29 v7.01p Hyperref: PDF Unicode definition (HO)
Now handling font encoding PU ...
... no UTF-8 mapping file for font encoding PU
)
Package hyperref Info: Hyper figures OFF on input line 4201.
Package hyperref Info: Link nesting OFF on input line 4206.
Package hyperref Info: Hyper index ON on input line 4209.
Package hyperref Info: Plain pages OFF on input line 4216.
Package hyperref Info: Backreferencing OFF on input line 4221.
Package hyperref Info: Implicit mode ON; LaTeX internals redefined.
Package hyperref Info: Bookmarks ON on input line 4468.
\c@Hy@tempcnt=\count308
 (/usr/share/texmf-dist/tex/latex/url/url.sty
\Urlmuskip=\muskip18
Package: url 2013/09/16  ver 3.4  Verb mode for urls, etc.
)
LaTeX Info: Redefining \url on input line 4807.
\XeTeXLinkMargin=\dimen171
 (/usr/share/texmf-dist/tex/generic/bitset/bitset.sty
Package: bitset 2019/12/09 v1.3 Handle bit-vector datatype (HO)
 (/usr/share/texmf-dist/tex/generic/bigintcalc/bigintcalc.sty
Package: bigintcalc 2019/12/15 v1.5 Expandable calculations on big integers (HO)
))
\Fld@menulength=\count309
\Field@Width=\dimen172
\Fld@charsize=\dimen173
Package hyperref Info: Hyper figures OFF on input line 6084.
Package hyperref Info: Link nesting OFF on input line 6089.
Package hyperref Info: Hyper index ON on input line 6092.
Package hyperref Info: backreferencing OFF on input line 6099.
Package hyperref Info: Link coloring OFF on input line 6104.
Package hyperref Info: Link coloring with OCG OFF on input line 6109.
Package hyperref Info: PDF/A mode OFF on input line 6114.
\Hy@abspage=\count310
\c@Item=\count311
\c@Hfootnote=\count312
)
Package hyperref Info: Driver (autodetected): hpdftex.
 (/usr/share/texmf-dist/tex/latex/hyperref/hpdftex.def
File: hpdftex.def 2026-01-29 v7.01p Hyperref driver for pdfTeX
\Fld@listcount=\count313
\c@bookmark@seq@number=\count314
 (/usr/share/texmf-dist/tex/latex/rerunfilecheck/rerunfilecheck.sty
Package: rerunfilecheck 2025-06-21 v1.11 Rerun checks for auxiliary files (HO)
 (/usr/share/texmf-dist/tex/generic/uniquecounter/uniquecounter.sty
Package: uniquecounter 2019/12/15 v1.4 Provide unlimited unique counter (HO)
)
Package uniquecounter Info: New unique counter `rerunfilecheck' on input line 284.
)
\Hy@SectionHShift=\skip72
)
Package hyperref Info: Option `colorlinks' set `true' on input line 33.
 (/usr/share/texmf-dist/tex/latex/l3backend/l3backend-pdftex.def
File: l3backend-pdftex.def 2025-10-09 L3 backend support: PDF output (pdfTeX)
\l__color_backend_stack_int=\count315
) (./Apunte.aux
LaTeX Info: Redefining \. on input line 11.
LaTeX Info: Redefining \% on input line 11.
Package babel Info: 'spanish' activates 'spanish' shorthands.
(babel)             Reported on input line 11.
)
\openout1 = `Apunte.aux'.

LaTeX Font Info:    Checking defaults for OML/cmm/m/it on input line 52.
LaTeX Font Info:    ... okay on input line 52.
LaTeX Font Info:    Checking defaults for OMS/cmsy/m/n on input line 52.
LaTeX Font Info:    ... okay on input line 52.
LaTeX Font Info:    Checking defaults for OT1/cmr/m/n on input line 52.
LaTeX Font Info:    ... okay on input line 52.
LaTeX Font Info:    Checking defaults for T1/cmr/m/n on input line 52.
LaTeX Font Info:    ... okay on input line 52.
LaTeX Font Info:    Checking defaults for TS1/cmr/m/n on input line 52.
LaTeX Font Info:    ... okay on input line 52.
LaTeX Font Info:    Checking defaults for OMX/cmex/m/n on input line 52.
LaTeX Font Info:    ... okay on input line 52.
LaTeX Font Info:    Checking defaults for U/cmr/m/n on input line 52.
LaTeX Font Info:    ... okay on input line 52.
LaTeX Font Info:    Checking defaults for PD1/pdf/m/n on input line 52.
LaTeX Font Info:    ... okay on input line 52.
LaTeX Font Info:    Checking defaults for PU/pdf/m/n on input line 52.
LaTeX Font Info:    ... okay on input line 52.
 (/usr/share/texmf-dist/tex/context/base/mkii/supp-pdf.mkii
[Loading MPS to PDF converter (version 2006.09.02).]
\scratchcounter=\count316
\scratchdimen=\dimen174
\scratchbox=\box59
\nofMPsegments=\count317
\nofMParguments=\count318
\everyMPshowfont=\toks32
\MPscratchCnt=\count319
\MPscratchDim=\dimen175
\MPnumerator=\count320
\makeMPintoPDFobject=\count321
\everyMPtoPDFconversion=\toks33
) (/usr/share/texmf-dist/tex/latex/epstopdf-pkg/epstopdf-base.sty
Package: epstopdf-base 2020-01-24 v2.11 Base part for package epstopdf
Package epstopdf-base Info: Redefining graphics rule for `.eps' on input line 485.
 (/usr/share/texmf-dist/tex/latex/latexconfig/epstopdf-sys.cfg
File: epstopdf-sys.cfg 2010/07/13 v1.3 Configuration of (r)epstopdf for TeX Live
))
LaTeX Info: Redefining \. on input line 52.
LaTeX Info: Redefining \% on input line 52.
LaTeX Info: Redefining \microtypecontext on input line 52.
Package microtype Info: Applying patch `item' on input line 52.
Package microtype Info: Applying patch `toc' on input line 52.
Package microtype Info: Applying patch `eqnum' on input line 52.
Package microtype Info: Applying patch `footnote' on input line 52.
Package microtype Info: Applying patch `verbatim' on input line 52.
LaTeX Info: Redefining \microtypesetup on input line 52.
Package microtype Info: Generating PDF output.
Package microtype Info: Character protrusion enabled (level 2).
Package microtype Info: Using default protrusion set `alltext'.
Package microtype Info: Automatic font expansion enabled (level 2),
(microtype)             stretch: 20, shrink: 20, step: 1, non-selected.
Package microtype Info: Using default expansion set `alltext-nott'.
Package microtype Info: Patching command `\showhyphens'.
Package microtype Info: No adjustment of tracking.
Package microtype Info: No adjustment of interword spacing.
Package microtype Info: No adjustment of character kerning.
 (/usr/share/texmf-dist/tex/latex/microtype/mt-cmr.cfg
File: mt-cmr.cfg 2013/05/19 v2.2 microtype config. file: Computer Modern Roman (RS)
) (/usr/share/texmf-dist/tex/latex/graphics/color.sty
Package: color 2025/01/14 v1.3e Standard LaTeX Color (DPC)
 (/usr/share/texmf-dist/tex/latex/graphics-cfg/color.cfg
File: color.cfg 2016/01/02 v1.6 sample color configuration
)
Package color Info: Driver file: pdftex.def on input line 149.
 (/usr/share/texmf-dist/tex/latex/graphics/mathcolor.ltx))
Package hyperref Info: Link coloring ON on input line 52.
 (./Apunte.out) (./Apunte.out)
\@outlinefile=\write3
\openout3 = `Apunte.out'.

<./images/IN.png, id=434, 198.7425pt x 255.95625pt>
File: ./images/IN.png Graphic file (type png)
<use ./images/IN.png>
Package pdftex.def Info: ./images/IN.png  used on input line 57.
(pdftex.def)             Requested size: 56.9055pt x 73.28807pt.
LaTeX Font Info:    Trying to load font information for U+msa on input line 72.
 (/usr/share/texmf-dist/tex/latex/amsfonts/umsa.fd
File: umsa.fd 2013/01/14 v3.01 AMS symbols A
) (/usr/share/texmf-dist/tex/latex/microtype/mt-msa.cfg
File: mt-msa.cfg 2006/02/04 v1.1 microtype config. file: AMS symbols (a) (RS)
)
LaTeX Font Info:    Trying to load font information for U+msb on input line 72.
 (/usr/share/texmf-dist/tex/latex/amsfonts/umsb.fd
File: umsb.fd 2013/01/14 v3.01 AMS symbols B
) (/usr/share/texmf-dist/tex/latex/microtype/mt-msb.cfg
File: mt-msb.cfg 2005/06/01 v1.0 microtype config. file: AMS symbols (b) (RS)
) [1

{/var/lib/texmf/fonts/map/pdftex/updmap/pdftex.map}{/usr/share/texmf-dist/fonts/enc/dvips/cm-super/cm-super-t1.enc}{/usr/share/texmf-dist/fonts/enc/dvips/cm-super/cm-super-ts1.enc} <./images/IN.png>]
pdfTeX warning (ext4): destination with the same identifier (name{page.1}) has been already used, duplicate ignored
<to be read again> 
                   \relax 
l.110 \newpage
               [1] (./Apunte.toc
LaTeX Info: Redefining \. on input line 1.
LaTeX Info: Redefining \% on input line 1.
LaTeX Info: Redefining \. on input line 35.
LaTeX Info: Redefining \% on input line 35.
Package babel Info: 'spanish' activates 'spanish' shorthands.
(babel)             Reported on input line 35.
 [2]
LaTeX Info: Redefining \. on input line 65.
LaTeX Info: Redefining \% on input line 65.
 [3]
LaTeX Info: Redefining \. on input line 97.
LaTeX Info: Redefining \% on input line 97.
 [4])
\tf@toc=\write4
\openout4 = `Apunte.toc'.

LaTeX Info: Redefining \. on input line 112.
LaTeX Info: Redefining \% on input line 112.
 [5]
<./images/muestra.png, id=598, 272.01625pt x 118.4425pt>
File: ./images/muestra.png Graphic file (type png)
<use ./images/muestra.png>
Package pdftex.def Info: ./images/muestra.png  used on input line 127.
(pdftex.def)             Requested size: 331.50238pt x 144.35143pt.
LaTeX Info: Redefining \. on input line 144.
LaTeX Info: Redefining \% on input line 144.
 [6 <./images/muestra.png>]
<./images/variables.png, id=605, 385.44pt x 286.06876pt>
File: ./images/variables.png Graphic file (type png)
<use ./images/variables.png>
Package pdftex.def Info: ./images/variables.png  used on input line 160.
(pdftex.def)             Requested size: 226.20071pt x 167.8799pt.
LaTeX Info: Redefining \. on input line 168.
LaTeX Info: Redefining \% on input line 168.
 [7 <./images/variables.png>]
LaTeX Info: Redefining \. on input line 194.
LaTeX Info: Redefining \% on input line 194.
 [8]
LaTeX Info: Redefining \. on input line 215.
LaTeX Info: Redefining \% on input line 215.
 [9]
LaTeX Info: Redefining \. on input line 233.
LaTeX Info: Redefining \% on input line 233.
 [10]
Overfull \hbox (2.53964pt too wide) in paragraph at lines 243--253
 [][] 
 []

LaTeX Info: Redefining \. on input line 277.
LaTeX Info: Redefining \% on input line 277.
[11]
LaTeX Info: Redefining \. on input line 325.
LaTeX Info: Redefining \% on input line 325.
 [12]
LaTeX Info: Redefining \. on input line 349.
LaTeX Info: Redefining \% on input line 349.
 [13]
<./images/MAS.png, id=671, 403.5075pt x 277.035pt>
File: ./images/MAS.png Graphic file (type png)
<use ./images/MAS.png>
Package pdftex.def Info: ./images/MAS.png  used on input line 382.
(pdftex.def)             Requested size: 195.0pt x 133.8799pt.
LaTeX Info: Redefining \. on input line 386.
LaTeX Info: Redefining \% on input line 386.
 [14]
<./images/MEP.png, id=676, 425.59pt x 271.0125pt>
File: ./images/MEP.png Graphic file (type png)
<use ./images/MEP.png>
Package pdftex.def Info: ./images/MEP.png  used on input line 392.
(pdftex.def)             Requested size: 195.0pt x 124.17516pt.
<./images/MPC.png, id=677, 271.0125pt x 186.6975pt>
File: ./images/MPC.png Graphic file (type png)
<use ./images/MPC.png>
Package pdftex.def Info: ./images/MPC.png  used on input line 402.
(pdftex.def)             Requested size: 253.49762pt x 174.63818pt.
LaTeX Info: Redefining \. on input line 406.
LaTeX Info: Redefining \% on input line 406.
 [15 <./images/MAS.png> <./images/MEP.png>]
<./images/MASIS.png, id=685, 330.23375pt x 137.51375pt>
File: ./images/MASIS.png Graphic file (type png)
<use ./images/MASIS.png>
Package pdftex.def Info: ./images/MASIS.png  used on input line 412.
(pdftex.def)             Requested size: 234.00238pt x 97.44449pt.
LaTeX Info: Redefining \. on input line 416.
LaTeX Info: Redefining \% on input line 416.
 [16 <./images/MPC.png> <./images/MASIS.png>]
<./images/MPCU.png, id=693, 425.59pt x 263.98625pt>
File: ./images/MPCU.png Graphic file (type png)
<use ./images/MPCU.png>
Package pdftex.def Info: ./images/MPCU.png  used on input line 425.
(pdftex.def)             Requested size: 195.0pt x 120.9558pt.
<./images/MBN.png, id=694, 417.56pt x 310.15875pt>
File: ./images/MBN.png Graphic file (type png)
<use ./images/MBN.png>
Package pdftex.def Info: ./images/MBN.png  used on input line 434.
(pdftex.def)             Requested size: 195.0pt x 144.84703pt.
<./images/MPJ.png, id=695, 471.7625pt x 303.1325pt>
File: ./images/MPJ.png Graphic file (type png)
<use ./images/MPJ.png>
Package pdftex.def Info: ./images/MPJ.png  used on input line 443.
(pdftex.def)             Requested size: 292.5pt x 187.94945pt.
LaTeX Info: Redefining \. on input line 447.
LaTeX Info: Redefining \% on input line 447.
 [17 <./images/MPCU.png> <./images/MBN.png>]
LaTeX Info: Redefining \. on input line 454.
LaTeX Info: Redefining \% on input line 454.
 [18 <./images/MPJ.png>]
LaTeX Info: Redefining \. on input line 478.
LaTeX Info: Redefining \% on input line 478.
 [19]
LaTeX Info: Redefining \. on input line 496.
LaTeX Info: Redefining \% on input line 496.
 [20]
LaTeX Info: Redefining \. on input line 503.
LaTeX Info: Redefining \% on input line 503.
 [21]
Underfull \hbox (badness 10000) in paragraph at lines 530--532

 []

LaTeX Info: Redefining \. on input line 532.
LaTeX Info: Redefining \% on input line 532.
[22]
Underfull \hbox (badness 10000) in paragraph at lines 534--536

 []

LaTeX Info: Redefining \. on input line 543.
LaTeX Info: Redefining \% on input line 543.
[23]
LaTeX Info: Redefining \. on input line 559.
LaTeX Info: Redefining \% on input line 559.
 [24]
LaTeX Info: Redefining \. on input line 596.
LaTeX Info: Redefining \% on input line 596.
 [25]
LaTeX Info: Redefining \. on input line 625.
LaTeX Info: Redefining \% on input line 625.
 [26]
LaTeX Info: Redefining \. on input line 646.
LaTeX Info: Redefining \% on input line 646.
 [27]
LaTeX Info: Redefining \. on input line 684.
LaTeX Info: Redefining \% on input line 684.
 [28]
LaTeX Info: Redefining \. on input line 696.
LaTeX Info: Redefining \% on input line 696.
 [29]
LaTeX Info: Redefining \. on input line 736.
LaTeX Info: Redefining \% on input line 736.
 [30]
LaTeX Info: Redefining \. on input line 742.
LaTeX Info: Redefining \% on input line 742.
 [31]
LaTeX Info: Redefining \. on input line 786.
LaTeX Info: Redefining \% on input line 786.
 [32]
LaTeX Info: Redefining \. on input line 814.
LaTeX Info: Redefining \% on input line 814.
 [33]
LaTeX Info: Redefining \. on input line 847.
LaTeX Info: Redefining \% on input line 847.
 [34]
<./images/pascal.png, id=809, 522.95375pt x 346.29375pt>
File: ./images/pascal.png Graphic file (type png)
<use ./images/pascal.png>
Package pdftex.def Info: ./images/pascal.png  used on input line 858.
(pdftex.def)             Requested size: 195.0pt x 129.12535pt.
LaTeX Info: Redefining \. on input line 865.
LaTeX Info: Redefining \% on input line 865.
 [35 <./images/pascal.png>]
LaTeX Info: Redefining \. on input line 887.
LaTeX Info: Redefining \% on input line 887.
 [36]
Overfull \hbox (3.03917pt too wide) detected at line 915
\OML/cmm/m/it/12 P[] \OMS/cmsy/m/n/12 ^^B \OT1/cmr/m/n/12 (\OML/cmm/m/it/12 P[] \OMS/cmsy/m/n/12 ^^B \OML/cmm/m/it/12 P[] \OMS/cmsy/m/n/12 ^^B \OML/cmm/m/it/12 P[] \OMS/cmsy/m/n/12 ^^B \OML/cmm/m/it/12 P[]\OT1/cmr/m/n/12 ) = 4! \OMS/cmsy/m/n/12 ^^B \OT1/cmr/m/n/12 (3! \OMS/cmsy/m/n/12 ^^A \OT1/cmr/m/n/12 3! \OMS/cmsy/m/n/12 ^^A \OT1/cmr/m/n/12 2! \OMS/cmsy/m/n/12 ^^A \OT1/cmr/m/n/12 2!) = 24 \OMS/cmsy/m/n/12 ^^B \OT1/cmr/m/n/12 (6 \OMS/cmsy/m/n/12 ^^A \OT1/cmr/m/n/12 6 \OMS/cmsy/m/n/12 ^^A \OT1/cmr/m/n/12 2 \OMS/cmsy/m/n/12 ^^A \OT1/cmr/m/n/12 2) = 3\OML/cmm/m/it/12 ; \OT1/cmr/m/n/12 456[]
 []

LaTeX Info: Redefining \. on input line 919.
LaTeX Info: Redefining \% on input line 919.
[37]
LaTeX Info: Redefining \. on input line 921.
LaTeX Info: Redefining \% on input line 921.
 [38]
LaTeX Info: Redefining \. on input line 953.
LaTeX Info: Redefining \% on input line 953.
 [39]
LaTeX Info: Redefining \. on input line 961.
LaTeX Info: Redefining \% on input line 961.
 [40]
LaTeX Info: Redefining \. on input line 994.
LaTeX Info: Redefining \% on input line 994.
 [41]
LaTeX Info: Redefining \. on input line 1019.
LaTeX Info: Redefining \% on input line 1019.
 [42]
Overfull \hbox (89.41463pt too wide) in paragraph at lines 1044--1048
\T1/cmr/m/it/12 (-20) Casos fa-vo-ra-bles: \T1/cmr/m/n/12 (-20) Su-ma=2:{(1,1)}; Su-ma=3:{(1,2),(2,1)}; Su-ma=4:{(1,3),(2,2),(3,1)};
 []

LaTeX Info: Redefining \. on input line 1048.
LaTeX Info: Redefining \% on input line 1048.
[43]
LaTeX Info: Redefining \. on input line 1054.
LaTeX Info: Redefining \% on input line 1054.
 [44]
LaTeX Info: Redefining \. on input line 1080.
LaTeX Info: Redefining \% on input line 1080.
 [45]
LaTeX Info: Redefining \. on input line 1099.
LaTeX Info: Redefining \% on input line 1099.
 [46]
LaTeX Info: Redefining \. on input line 1102.
LaTeX Info: Redefining \% on input line 1102.
 [47]
LaTeX Info: Redefining \. on input line 1132.
LaTeX Info: Redefining \% on input line 1132.
 [48]
LaTeX Info: Redefining \. on input line 1165.
LaTeX Info: Redefining \% on input line 1165.
 [49]
Overfull \hbox (1.22108pt too wide) in paragraph at lines 1168--1169
\T1/cmr/m/n/12 (-20) do son $\OMS/cmsy/m/n/12 f\OT1/cmr/m/n/12 (-20) 3\OML/cmm/m/it/12 ; \OT1/cmr/m/n/12 (-20) 6\OMS/cmsy/m/n/12 g$\T1/cmr/m/n/12 (-20) . Los pa-res de re-sul-ta-dos son $\OMS/cmsy/m/n/12 f\OT1/cmr/m/n/12 (-20) (3\OML/cmm/m/it/12 ; \OT1/cmr/m/n/12 (-20) 3)\OML/cmm/m/it/12 ; \OT1/cmr/m/n/12 (-20) (3\OML/cmm/m/it/12 ; \OT1/cmr/m/n/12 (-20) 6)\OML/cmm/m/it/12 ; \OT1/cmr/m/n/12 (-20) (6\OML/cmm/m/it/12 ; \OT1/cmr/m/n/12 (-20) 3)\OML/cmm/m/it/12 ; \OT1/cmr/m/n/12 (-20) (6\OML/cmm/m/it/12 ; \OT1/cmr/m/n/12 (-20) 6)\OMS/cmsy/m/n/12 g$\T1/cmr/m/n/12 (-20) .
 []

LaTeX Info: Redefining \. on input line 1176.
LaTeX Info: Redefining \% on input line 1176.
[50]
LaTeX Info: Redefining \. on input line 1205.
LaTeX Info: Redefining \% on input line 1205.
 [51]
LaTeX Info: Redefining \. on input line 1232.
LaTeX Info: Redefining \% on input line 1232.
 [52]
LaTeX Info: Redefining \. on input line 1261.
LaTeX Info: Redefining \% on input line 1261.
 [53]
LaTeX Info: Redefining \. on input line 1288.
LaTeX Info: Redefining \% on input line 1288.
 [54]
LaTeX Info: Redefining \. on input line 1293.
LaTeX Info: Redefining \% on input line 1293.
 [55]
Overfull \hbox (94.44958pt too wide) in paragraph at lines 1319--1321
\T1/cmr/m/n/12 (-20) so-lo con-si-de-ra-mos los re-sul-ta-dos que em-pie-zan con 1: $\OMS/cmsy/m/n/12 f\OT1/cmr/m/n/12 (-20) (1\OML/cmm/m/it/12 ; \OT1/cmr/m/n/12 (-20) 1)\OML/cmm/m/it/12 ; \OT1/cmr/m/n/12 (-20) (1\OML/cmm/m/it/12 ; \OT1/cmr/m/n/12 (-20) 2)\OML/cmm/m/it/12 ; \OT1/cmr/m/n/12 (-20) (1\OML/cmm/m/it/12 ; \OT1/cmr/m/n/12 (-20) 3)\OML/cmm/m/it/12 ; \OT1/cmr/m/n/12 (-20) (1\OML/cmm/m/it/12 ; \OT1/cmr/m/n/12 (-20) 4)\OML/cmm/m/it/12 ; \OT1/cmr/m/n/12 (-20) (1\OML/cmm/m/it/12 ; \OT1/cmr/m/n/12 (-20) 5)\OML/cmm/m/it/12 ; \OT1/cmr/m/n/12 (-20) (1\OML/cmm/m/it/12 ; \OT1/cmr/m/n/12 (-20) 6)\OMS/cmsy/m/n/12 g$\T1/cmr/m/n/12 (-20) .
 []

LaTeX Info: Redefining \. on input line 1324.
LaTeX Info: Redefining \% on input line 1324.
[56]
Overfull \hbox (13.80486pt too wide) in paragraph at lines 1328--1335
 [] 
 []

LaTeX Info: Redefining \. on input line 1350.
LaTeX Info: Redefining \% on input line 1350.
[57]
LaTeX Info: Redefining \. on input line 1375.
LaTeX Info: Redefining \% on input line 1375.
 [58]

LaTeX Warning: `!h' float specifier changed to `!ht'.

LaTeX Info: Redefining \. on input line 1407.
LaTeX Info: Redefining \% on input line 1407.
[59]
LaTeX Info: Redefining \. on input line 1433.
LaTeX Info: Redefining \% on input line 1433.
 [60]
Overfull \hbox (15.04147pt too wide) in paragraph at lines 1438--1441
\T1/cmr/m/it/12 (-20) Solución: \T1/cmr/m/n/12 (-20) De-fi-ni-mos los even-tos: A=especie azul, R=especie ro-ja, M=macho,
 []

LaTeX Info: Redefining \. on input line 1462.
LaTeX Info: Redefining \% on input line 1462.
[61]
LaTeX Info: Redefining \. on input line 1490.
LaTeX Info: Redefining \% on input line 1490.
 [62]
LaTeX Info: Redefining \. on input line 1495.
LaTeX Info: Redefining \% on input line 1495.
 [63] (./Apunte.aux
LaTeX Info: Redefining \. on input line 11.
LaTeX Info: Redefining \% on input line 11.
)
 ***********
LaTeX2e <2025-11-01>
L3 programming layer <2026-01-19>
 ***********
Package rerunfilecheck Info: File `Apunte.out' has not changed.
(rerunfilecheck)             Checksum: 385E141647082290D8468C14AF36A71D;23553.
 ) 
Here is how much of TeX's memory you used:
 15186 strings out of 469412
 234597 string characters out of 5468087
 688959 words of memory out of 5000000
 42983 multiletter control sequences out of 15000+600000
 664257 words of font info for 271 fonts, out of 8000000 for 9000
 62 hyphenation exceptions out of 8191
 75i,12n,79p,1003b,888s stack positions out of 10000i,1000n,20000p,200000b,200000s
</usr/share/texmf-dist/fonts/type1/public/amsfonts/cm/cmex10.pfb></usr/share/texmf-dist/fonts/type1/public/amsfonts/cmextra/cmex8.pfb></usr/share/texmf-dist/fonts/type1/public/amsfonts/cm/cmmi12.pfb></usr/share/texmf-dist/fonts/type1/public/amsfonts/cm/cmmi6.pfb></usr/share/texmf-dist/fonts/type1/public/amsfonts/cm/cmmi8.pfb></usr/share/texmf-dist/fonts/type1/public/amsfonts/cm/cmr12.pfb></usr/share/texmf-dist/fonts/type1/public/amsfonts/cm/cmr6.pfb></usr/share/texmf-dist/fonts/type1/public/amsfonts/cm/cmr8.pfb></usr/share/texmf-dist/fonts/type1/public/amsfonts/cm/cmsy10.pfb></usr/share/texmf-dist/fonts/type1/public/amsfonts/cm/cmsy8.pfb></usr/share/texmf-dist/fonts/type1/public/amsfonts/symbols/msbm10.pfb></usr/share/texmf-dist/fonts/type1/public/cm-super/sfbi1200.pfb></usr/share/texmf-dist/fonts/type1/public/cm-super/sfbi1440.pfb></usr/share/texmf-dist/fonts/type1/public/cm-super/sfbx1095.pfb></usr/share/texmf-dist/fonts/type1/public/cm-super/sfbx1200.pfb></usr/share/texmf-dist/fonts/type1/public/cm-super/sfbx1440.pfb></usr/share/texmf-dist/fonts/type1/public/cm-super/sfbx1728.pfb></usr/share/texmf-dist/fonts/type1/public/cm-super/sfbx2488.pfb></usr/share/texmf-dist/fonts/type1/public/cm-super/sfcc1440.pfb></usr/share/texmf-dist/fonts/type1/public/cm-super/sfcc1728.pfb></usr/share/texmf-dist/fonts/type1/public/cm-super/sfcc2074.pfb></usr/share/texmf-dist/fonts/type1/public/cm-super/sfrm0600.pfb></usr/share/texmf-dist/fonts/type1/public/cm-super/sfrm0800.pfb></usr/share/texmf-dist/fonts/type1/public/cm-super/sfrm1000.pfb></usr/share/texmf-dist/fonts/type1/public/cm-super/sfrm1095.pfb></usr/share/texmf-dist/fonts/type1/public/cm-super/sfrm1200.pfb></usr/share/texmf-dist/fonts/type1/public/cm-super/sfrm1440.pfb></usr/share/texmf-dist/fonts/type1/public/cm-super/sfti1200.pfb></usr/share/texmf-dist/fonts/type1/public/cm-super/sfti1728.pfb>
Output written on Apunte.pdf (64 pages, 1617471 bytes).
PDF statistics:
 1232 PDF objects out of 1440 (max. 8388607)
 1080 compressed objects within 11 object streams
 333 named destinations out of 1000 (max. 500000)
 64400 words of extra memory for PDF output out of 74296 (max. 10000000)

