\BOOKMARK [1][-]{section.1}{\376\377\000C\000o\000n\000c\000e\000p\000t\000o\000s\000\040\000F\000u\000n\000d\000a\000m\000e\000n\000t\000a\000l\000e\000s\000\040\000d\000e\000\040\000E\000s\000t\000a\000d\000\355\000s\000t\000i\000c\000a}{}% 1
\BOOKMARK [2][-]{subsection.1.1}{\376\377\000C\000o\000n\000c\000e\000p\000t\000o\000s\000\040\000B\000\341\000s\000i\000c\000o\000s}{section.1}% 2
\BOOKMARK [3][-]{subsubsection.1.1.1}{\376\377\000P\000o\000b\000l\000a\000c\000i\000\363\000n\000:}{subsection.1.1}% 3
\BOOKMARK [3][-]{subsubsection.1.1.2}{\376\377\000M\000u\000e\000s\000t\000r\000a\000:}{subsection.1.1}% 4
\BOOKMARK [3][-]{subsubsection.1.1.3}{\376\377\000P\000a\000r\000\341\000m\000e\000t\000r\000o\000:}{subsection.1.1}% 5
\BOOKMARK [3][-]{subsubsection.1.1.4}{\376\377\000E\000s\000t\000a\000d\000\355\000s\000t\000i\000c\000o\000\040\000\050\000o\000\040\000e\000s\000t\000a\000d\000\355\000g\000r\000a\000f\000o\000\051\000:}{subsection.1.1}% 6
\BOOKMARK [2][-]{subsection.1.2}{\376\377\000T\000i\000p\000o\000s\000\040\000d\000e\000\040\000V\000a\000r\000i\000a\000b\000l\000e\000s}{section.1}% 7
\BOOKMARK [3][-]{subsubsection.1.2.1}{\376\377\000V\000a\000r\000i\000a\000b\000l\000e\000s\000\040\000c\000u\000a\000l\000i\000t\000a\000t\000i\000v\000a\000s\000:}{subsection.1.2}% 8
\BOOKMARK [3][-]{subsubsection.1.2.2}{\376\377\000V\000a\000r\000i\000a\000b\000l\000e\000s\000\040\000c\000u\000a\000n\000t\000i\000t\000a\000t\000i\000v\000a\000s\000:}{subsection.1.2}% 9
\BOOKMARK [2][-]{subsection.1.3}{\376\377\000E\000j\000e\000r\000c\000i\000c\000i\000o\000s}{section.1}% 10
\BOOKMARK [1][-]{section.2}{\376\377\000T\000a\000b\000l\000a\000s\000\040\000d\000e\000\040\000F\000r\000e\000c\000u\000e\000n\000c\000i\000a\000\040\000y\000\040\000M\000e\000d\000i\000d\000a\000s\000\040\000d\000e\000\040\000T\000e\000n\000d\000e\000n\000c\000i\000a\000\040\000C\000e\000n\000t\000r\000a\000l}{}% 11
\BOOKMARK [2][-]{subsection.2.1}{\376\377\000T\000a\000b\000l\000a\000s\000\040\000d\000e\000\040\000F\000r\000e\000c\000u\000e\000n\000c\000i\000a}{section.2}% 12
\BOOKMARK [2][-]{subsection.2.2}{\376\377\000M\000e\000d\000i\000d\000a\000s\000\040\000d\000e\000\040\000T\000e\000n\000d\000e\000n\000c\000i\000a\000\040\000C\000e\000n\000t\000r\000a\000l}{section.2}% 13
\BOOKMARK [3][-]{subsubsection.2.2.1}{\376\377\000M\000e\000d\000i\000a\000\040\000A\000r\000i\000t\000m\000\351\000t\000i\000c\000a\000\040\000\050\000x\000\040\000b\000a\000r\000r\000a\000\051}{subsection.2.2}% 14
\BOOKMARK [3][-]{subsubsection.2.2.2}{\376\377\000M\000e\000d\000i\000a\000n\000a\000\040\000\050\000M\000e\000\051}{subsection.2.2}% 15
\BOOKMARK [3][-]{subsubsection.2.2.3}{\376\377\000M\000o\000d\000a\000\040\000\050\000M\000o\000\051}{subsection.2.2}% 16
\BOOKMARK [1][-]{section.3}{\376\377\000E\000j\000e\000r\000c\000i\000c\000i\000o\000s\000\040\000d\000e\000\040\000M\000e\000d\000i\000d\000a\000s\000\040\000d\000e\000\040\000T\000e\000n\000d\000e\000n\000c\000i\000a\000\040\000C\000e\000n\000t\000r\000a\000l}{}% 17
\BOOKMARK [2][-]{subsection.3.1}{\376\377\000P\000r\000o\000b\000l\000e\000m\000a\000s\000\040\000R\000e\000s\000u\000e\000l\000t\000o\000s}{section.3}% 18
\BOOKMARK [1][-]{section.4}{\376\377\000M\000u\000e\000s\000t\000r\000e\000o\000\040\000y\000\040\000R\000e\000p\000r\000e\000s\000e\000n\000t\000a\000t\000i\000v\000i\000d\000a\000d}{}% 19
\BOOKMARK [2][-]{subsection.4.1}{\376\377\000P\000o\000b\000l\000a\000c\000i\000\363\000n\000\040\000y\000\040\000M\000u\000e\000s\000t\000r\000a}{section.4}% 20
\BOOKMARK [3][-]{subsubsection.4.1.1}{\376\377\000R\000e\000p\000r\000e\000s\000e\000n\000t\000a\000t\000i\000v\000i\000d\000a\000d}{subsection.4.1}% 21
\BOOKMARK [2][-]{subsection.4.2}{\376\377\000T\000i\000p\000o\000s\000\040\000d\000e\000\040\000M\000u\000e\000s\000t\000r\000e\000o\000\040\000P\000r\000o\000b\000a\000b\000i\000l\000\355\000s\000t\000i\000c\000o}{section.4}% 22
\BOOKMARK [2][-]{subsection.4.3}{\376\377\000T\000i\000p\000o\000s\000\040\000d\000e\000\040\000M\000u\000e\000s\000t\000r\000e\000o\000\040\000N\000o\000\040\000P\000r\000o\000b\000a\000b\000i\000l\000\355\000s\000t\000i\000c\000o}{section.4}% 23
\BOOKMARK [1][-]{section.5}{\376\377\000M\000e\000d\000i\000d\000a\000s\000\040\000d\000e\000\040\000D\000i\000s\000p\000e\000r\000s\000i\000\363\000n}{}% 24
\BOOKMARK [2][-]{subsection.5.1}{\376\377\000D\000e\000f\000i\000n\000i\000c\000i\000\363\000n\000\040\000y\000\040\000T\000i\000p\000o\000s}{section.5}% 25
\BOOKMARK [2][-]{subsection.5.2}{\376\377\000P\000r\000o\000p\000i\000e\000d\000a\000d\000e\000s\000\040\000d\000e\000\040\000l\000a\000\040\000V\000a\000r\000i\000a\000n\000z\000a\000\040\000y\000\040\000D\000e\000s\000v\000i\000a\000c\000i\000\363\000n\000\040\000E\000s\000t\000\341\000n\000d\000a\000r}{section.5}% 26
\BOOKMARK [1][-]{section.6}{\376\377\000P\000r\000o\000p\000i\000e\000d\000a\000d\000e\000s\000\040\000d\000e\000\040\000l\000a\000\040\000V\000a\000r\000i\000a\000n\000z\000a\000\040\000\050\000D\000e\000m\000o\000s\000t\000r\000a\000c\000i\000o\000n\000e\000s\000\051}{}% 27
\BOOKMARK [2][-]{subsection.6.1}{\376\377\000F\000\363\000r\000m\000u\000l\000a\000\040\000C\000o\000m\000p\000u\000t\000a\000c\000i\000o\000n\000a\000l\000\040\000d\000e\000\040\000l\000a\000\040\000V\000a\000r\000i\000a\000n\000z\000a}{section.6}% 28
\BOOKMARK [1][-]{section.7}{\376\377\000R\000e\000l\000a\000c\000i\000\363\000n\000\040\000e\000n\000t\000r\000e\000\040\000V\000a\000r\000i\000a\000n\000z\000a\000\040\000y\000\040\000D\000e\000s\000v\000i\000a\000c\000i\000\363\000n\000\040\000E\000s\000t\000\341\000n\000d\000a\000r}{}% 29
\BOOKMARK [1][-]{section.8}{\376\377\000M\000e\000d\000i\000d\000a\000s\000\040\000d\000e\000\040\000P\000o\000s\000i\000c\000i\000\363\000n}{}% 30
\BOOKMARK [1][-]{section.9}{\376\377\000P\000r\000i\000n\000c\000i\000p\000i\000o\000s\000\040\000F\000u\000n\000d\000a\000m\000e\000n\000t\000a\000l\000e\000s\000\040\000d\000e\000\040\000l\000a\000\040\000C\000o\000m\000b\000i\000n\000a\000t\000o\000r\000i\000a}{}% 31
\BOOKMARK [2][-]{subsection.9.1}{\376\377\000T\000\351\000c\000n\000i\000c\000a\000s\000\040\000d\000e\000\040\000C\000o\000n\000t\000e\000o}{section.9}% 32
\BOOKMARK [2][-]{subsection.9.2}{\376\377\000E\000j\000e\000r\000c\000i\000c\000i\000o\000s}{section.9}% 33
\BOOKMARK [1][-]{section.10}{\376\377\000P\000e\000r\000m\000u\000t\000a\000c\000i\000o\000n\000e\000s}{}% 34
\BOOKMARK [2][-]{subsubsection.10.0.1}{\376\377\000P\000e\000r\000m\000u\000t\000a\000c\000i\000\363\000n\000\040\000s\000i\000m\000p\000l\000e}{section.10}% 35
\BOOKMARK [3][-]{subsubsection.10.0.2}{\376\377\000P\000e\000r\000m\000u\000t\000a\000c\000i\000\363\000n\000\040\000c\000o\000n\000\040\000r\000e\000p\000e\000t\000i\000c\000i\000\363\000n}{subsubsection.10.0.1}% 36
\BOOKMARK [3][-]{subsubsection.10.0.3}{\376\377\000P\000e\000r\000m\000u\000t\000a\000c\000i\000\363\000n\000\040\000C\000i\000r\000c\000u\000l\000a\000r}{subsubsection.10.0.1}% 37
\BOOKMARK [2][-]{subsection.10.1}{\376\377\000E\000j\000e\000r\000c\000i\000c\000i\000o\000s}{section.10}% 38
\BOOKMARK [1][-]{section.11}{\376\377\000V\000a\000r\000i\000a\000c\000i\000o\000n\000e\000s\000\040\000y\000\040\000C\000o\000m\000b\000i\000n\000a\000c\000i\000o\000n\000e\000s}{}% 39
\BOOKMARK [2][-]{subsection.11.1}{\376\377\000V\000a\000r\000i\000a\000c\000i\000\363\000n\000\040\000\050\000o\000\040\000A\000r\000r\000e\000g\000l\000o\000\051}{section.11}% 40
\BOOKMARK [2][-]{subsection.11.2}{\376\377\000C\000o\000m\000b\000i\000n\000a\000c\000i\000o\000n\000e\000s}{section.11}% 41
\BOOKMARK [1][-]{section.12}{\376\377\000P\000r\000o\000p\000i\000e\000d\000a\000d\000e\000s\000\040\000d\000e\000\040\000C\000o\000m\000b\000i\000n\000a\000t\000o\000r\000i\000a\000\040\000y\000\040\000T\000r\000i\000\341\000n\000g\000u\000l\000o\000\040\000d\000e\000\040\000P\000a\000s\000c\000a\000l}{}% 42
\BOOKMARK [2][-]{subsection.12.1}{\376\377\000P\000r\000o\000p\000i\000e\000d\000a\000d\000e\000s\000\040\000d\000e\000\040\000l\000o\000s\000\040\000N\000\372\000m\000e\000r\000o\000s\000\040\000C\000o\000m\000b\000i\000n\000a\000t\000o\000r\000i\000o\000s}{section.12}% 43
\BOOKMARK [2][-]{subsection.12.2}{\376\377\000T\000e\000o\000r\000e\000m\000a\000\040\000d\000e\000l\000\040\000B\000i\000n\000o\000m\000i\000o}{section.12}% 44
\BOOKMARK [2][-]{subsection.12.3}{\376\377\000C\000o\000n\000j\000u\000n\000t\000o\000\040\000P\000o\000t\000e\000n\000c\000i\000a}{section.12}% 45
\BOOKMARK [2][-]{subsection.12.4}{\376\377\000E\000j\000e\000r\000c\000i\000c\000i\000o\000s}{section.12}% 46
\BOOKMARK [1][-]{section.13}{\376\377\000R\000e\000p\000a\000s\000o\000\040\000y\000\040\000E\000j\000e\000r\000c\000i\000c\000i\000o\000s\000\040\000d\000e\000\040\000A\000p\000l\000i\000c\000a\000c\000i\000\363\000n\000\040\000d\000e\000\040\000C\000o\000m\000b\000i\000n\000a\000t\000o\000r\000i\000a}{}% 47
\BOOKMARK [2][-]{subsection.13.1}{\376\377\000E\000j\000e\000r\000c\000i\000c\000i\000o\000s\000\040\000R\000e\000s\000u\000e\000l\000t\000o\000s}{section.13}% 48
\BOOKMARK [1][-]{section.14}{\376\377\000A\000p\000l\000i\000c\000a\000c\000i\000o\000n\000e\000s\000\040\000d\000e\000\040\000C\000o\000m\000b\000i\000n\000a\000t\000o\000r\000i\000a\000:\000\040\000D\000i\000a\000g\000o\000n\000a\000l\000e\000s\000\040\000d\000e\000\040\000u\000n\000\040\000P\000o\000l\000\355\000g\000o\000n\000o}{}% 49
\BOOKMARK [2][-]{subsection.14.1}{\376\377\000P\000r\000o\000b\000l\000e\000m\000a}{section.14}% 50
\BOOKMARK [2][-]{subsection.14.2}{\376\377\000S\000o\000l\000u\000c\000i\000\363\000n}{section.14}% 51
\BOOKMARK [1][-]{section.15}{\376\377\000M\000u\000e\000s\000t\000r\000e\000o\000\040\000e\000\040\000I\000n\000t\000r\000o\000d\000u\000c\000c\000i\000\363\000n\000\040\000a\000\040\000l\000a\000\040\000P\000r\000o\000b\000a\000b\000i\000l\000i\000d\000a\000d}{}% 52
\BOOKMARK [2][-]{subsection.15.1}{\376\377\000E\000l\000\040\000P\000r\000o\000m\000e\000d\000i\000o\000\040\000d\000e\000\040\000l\000a\000s\000\040\000M\000e\000d\000i\000a\000s\000\040\000M\000u\000e\000s\000t\000r\000a\000l\000e\000s}{section.15}% 53
\BOOKMARK [2][-]{subsection.15.2}{\376\377\000C\000o\000n\000c\000e\000p\000t\000o\000s\000\040\000F\000u\000n\000d\000a\000m\000e\000n\000t\000a\000l\000e\000s\000\040\000d\000e\000\040\000P\000r\000o\000b\000a\000b\000i\000l\000i\000d\000a\000d}{section.15}% 54
\BOOKMARK [2][-]{subsection.15.3}{\376\377\000R\000e\000g\000l\000a\000\040\000d\000e\000\040\000L\000a\000p\000l\000a\000c\000e}{section.15}% 55
\BOOKMARK [1][-]{section.16}{\376\377\000F\000u\000n\000d\000a\000m\000e\000n\000t\000o\000s\000\040\000A\000x\000i\000o\000m\000\341\000t\000i\000c\000o\000s\000\040\000d\000e\000\040\000l\000a\000\040\000P\000r\000o\000b\000a\000b\000i\000l\000i\000d\000a\000d}{}% 56
\BOOKMARK [2][-]{subsection.16.1}{\376\377\000A\000x\000i\000o\000m\000a\000s\000\040\000d\000e\000\040\000K\000o\000l\000m\000o\000g\000o\000r\000o\000v\000\040\000\050\0001\0009\0003\0003\000\051}{section.16}% 57
\BOOKMARK [2][-]{subsection.16.2}{\376\377\000D\000i\000g\000r\000e\000s\000i\000\363\000n\000:\000\040\000L\000a\000\040\000I\000n\000f\000i\000n\000i\000t\000u\000d\000\040\000d\000e\000\040\000l\000o\000s\000\040\000N\000\372\000m\000e\000r\000o\000s\000\040\000P\000r\000i\000m\000o\000s}{section.16}% 58
\BOOKMARK [1][-]{section.17}{\376\377\000P\000r\000o\000p\000i\000e\000d\000a\000d\000e\000s\000\040\000y\000\040\000A\000p\000l\000i\000c\000a\000c\000i\000o\000n\000e\000s\000\040\000d\000e\000\040\000l\000a\000\040\000P\000r\000o\000b\000a\000b\000i\000l\000i\000d\000a\000d}{}% 59
\BOOKMARK [2][-]{subsection.17.1}{\376\377\000P\000r\000o\000p\000i\000e\000d\000a\000d\000e\000s\000\040\000D\000e\000r\000i\000v\000a\000d\000a\000s\000\040\000d\000e\000\040\000l\000o\000s\000\040\000A\000x\000i\000o\000m\000a\000s}{section.17}% 60
\BOOKMARK [2][-]{subsection.17.2}{\376\377\000E\000j\000e\000r\000c\000i\000c\000i\000o\000s\000\040\000R\000e\000s\000u\000e\000l\000t\000o\000s}{section.17}% 61
\BOOKMARK [1][-]{section.18}{\376\377\000E\000j\000e\000r\000c\000i\000c\000i\000o\000s\000\040\000d\000e\000\040\000P\000r\000o\000b\000a\000b\000i\000l\000i\000d\000a\000d\000\040\000C\000l\000\341\000s\000i\000c\000a}{}% 62
\BOOKMARK [2][-]{subsection.18.1}{\376\377\000P\000r\000o\000b\000l\000e\000m\000a\000s\000\040\000R\000e\000s\000u\000e\000l\000t\000o\000s}{section.18}% 63
\BOOKMARK [1][-]{section.19}{\376\377\000P\000r\000o\000b\000a\000b\000i\000l\000i\000d\000a\000d\000\040\000C\000o\000n\000d\000i\000c\000i\000o\000n\000a\000l}{}% 64
\BOOKMARK [2][-]{subsection.19.1}{\376\377\000E\000l\000\040\000P\000r\000o\000b\000l\000e\000m\000a\000\040\000d\000e\000\040\000M\000o\000n\000t\000y\000\040\000H\000a\000l\000l}{section.19}% 65
\BOOKMARK [2][-]{subsection.19.2}{\376\377\000D\000e\000f\000i\000n\000i\000c\000i\000\363\000n\000\040\000d\000e\000\040\000P\000r\000o\000b\000a\000b\000i\000l\000i\000d\000a\000d\000\040\000C\000o\000n\000d\000i\000c\000i\000o\000n\000a\000l}{section.19}% 66
\BOOKMARK [3][-]{subsubsection.19.2.1}{\376\377\000E\000v\000e\000n\000t\000o\000s\000\040\000I\000n\000d\000e\000p\000e\000n\000d\000i\000e\000n\000t\000e\000s}{subsection.19.2}% 67
\BOOKMARK [1][-]{section.20}{\376\377\000E\000j\000e\000r\000c\000i\000c\000i\000o\000s\000\040\000d\000e\000\040\000P\000r\000o\000b\000a\000b\000i\000l\000i\000d\000a\000d\000\040\000C\000o\000n\000d\000i\000c\000i\000o\000n\000a\000l\000\040\000y\000\040\000T\000e\000o\000r\000e\000m\000a\000\040\000d\000e\000\040\000B\000a\000y\000e\000s}{}% 68
\BOOKMARK [2][-]{subsection.20.1}{\376\377\000E\000n\000u\000n\000c\000i\000a\000d\000o\000s}{section.20}% 69
\BOOKMARK [2][-]{subsection.20.2}{\376\377\000S\000o\000l\000u\000c\000i\000o\000n\000e\000s\000\040\000D\000e\000t\000a\000l\000l\000a\000d\000a\000s}{section.20}% 70
