This is pdfTeX, Version 3.141592653-2.6-1.40.27 (TeX Live 2026/dev/Arch Linux) (preloaded format=pdflatex 2025.5.22)  29 MAY 2025 22:29
entering extended mode
 restricted \write18 enabled.
 file:line:error style messages enabled.
 %&-line parsing enabled.
**main.tex
(./main.tex
LaTeX2e <2024-11-01> patch level 2
L3 programming layer <2025-01-18>
(/usr/share/texmf-dist/tex/latex/base/article.cls
Document Class: article 2024/06/29 v1.4n Standard LaTeX document class
(/usr/share/texmf-dist/tex/latex/base/size12.clo
File: size12.clo 2024/06/29 v1.4n Standard LaTeX file (size option)
)
\c@part=\count196
\c@section=\count197
\c@subsection=\count198
\c@subsubsection=\count199
\c@paragraph=\count266
\c@subparagraph=\count267
\c@figure=\count268
\c@table=\count269
\abovecaptionskip=\skip49
\belowcaptionskip=\skip50
\bibindent=\dimen141
) (/usr/share/texmf-dist/tex/latex/amsmath/amsmath.sty
Package: amsmath 2024/11/05 v2.17t AMS math features
\@mathmargin=\skip51

For additional information on amsmath, use the `?' option.
(/usr/share/texmf-dist/tex/latex/amsmath/amstext.sty
Package: amstext 2021/08/26 v2.01 AMS text
 (/usr/share/texmf-dist/tex/latex/amsmath/amsgen.sty
File: amsgen.sty 1999/11/30 v2.0 generic functions
\@emptytoks=\toks17
\ex@=\dimen142
)) (/usr/share/texmf-dist/tex/latex/amsmath/amsbsy.sty
Package: amsbsy 1999/11/29 v1.2d Bold Symbols
\pmbraise@=\dimen143
) (/usr/share/texmf-dist/tex/latex/amsmath/amsopn.sty
Package: amsopn 2022/04/08 v2.04 operator names
)
\inf@bad=\count270
LaTeX Info: Redefining \frac on input line 233.
\uproot@=\count271
\leftroot@=\count272
LaTeX Info: Redefining \overline on input line 398.
LaTeX Info: Redefining \colon on input line 409.
\classnum@=\count273
\DOTSCASE@=\count274
LaTeX Info: Redefining \ldots on input line 495.
LaTeX Info: Redefining \dots on input line 498.
LaTeX Info: Redefining \cdots on input line 619.
\Mathstrutbox@=\box52
\strutbox@=\box53
LaTeX Info: Redefining \big on input line 721.
LaTeX Info: Redefining \Big on input line 722.
LaTeX Info: Redefining \bigg on input line 723.
LaTeX Info: Redefining \Bigg on input line 724.
\big@size=\dimen144
LaTeX Font Info:    Redeclaring font encoding OML on input line 742.
LaTeX Font Info:    Redeclaring font encoding OMS on input line 743.
\macc@depth=\count275
LaTeX Info: Redefining \bmod on input line 904.
LaTeX Info: Redefining \pmod on input line 909.
LaTeX Info: Redefining \smash on input line 939.
LaTeX Info: Redefining \relbar on input line 969.
LaTeX Info: Redefining \Relbar on input line 970.
\c@MaxMatrixCols=\count276
\dotsspace@=\muskip17
\c@parentequation=\count277
\dspbrk@lvl=\count278
\tag@help=\toks18
\row@=\count279
\column@=\count280
\maxfields@=\count281
\andhelp@=\toks19
\eqnshift@=\dimen145
\alignsep@=\dimen146
\tagshift@=\dimen147
\tagwidth@=\dimen148
\totwidth@=\dimen149
\lineht@=\dimen150
\@envbody=\toks20
\multlinegap=\skip52
\multlinetaggap=\skip53
\mathdisplay@stack=\toks21
LaTeX Info: Redefining \[ on input line 2953.
LaTeX Info: Redefining \] on input line 2954.
) (/usr/share/texmf-dist/tex/latex/amsfonts/amssymb.sty
Package: amssymb 2013/01/14 v3.01 AMS font symbols
 (/usr/share/texmf-dist/tex/latex/amsfonts/amsfonts.sty
Package: amsfonts 2013/01/14 v3.01 Basic AMSFonts support
\symAMSa=\mathgroup4
\symAMSb=\mathgroup5
LaTeX Font Info:    Redeclaring math symbol \hbar on input line 98.
LaTeX Font Info:    Overwriting math alphabet `\mathfrak' in version `bold'
(Font)                  U/euf/m/n --> U/euf/b/n on input line 106.
)) (/usr/share/texmf-dist/tex/latex/graphics/graphicx.sty
Package: graphicx 2021/09/16 v1.2d Enhanced LaTeX Graphics (DPC,SPQR)
 (/usr/share/texmf-dist/tex/latex/graphics/keyval.sty
Package: keyval 2022/05/29 v1.15 key=value parser (DPC)
\KV@toks@=\toks22
) (/usr/share/texmf-dist/tex/latex/graphics/graphics.sty
Package: graphics 2024/08/06 v1.4g Standard LaTeX Graphics (DPC,SPQR)
 (/usr/share/texmf-dist/tex/latex/graphics/trig.sty
Package: trig 2023/12/02 v1.11 sin cos tan (DPC)
) (/usr/share/texmf-dist/tex/latex/graphics-cfg/graphics.cfg
File: graphics.cfg 2016/06/04 v1.11 sample graphics configuration
)
Package graphics Info: Driver file: pdftex.def on input line 106.
 (/usr/share/texmf-dist/tex/latex/graphics-def/pdftex.def
File: pdftex.def 2024/04/13 v1.2c Graphics/color driver for pdftex
))
\Gin@req@height=\dimen151
\Gin@req@width=\dimen152
) (/usr/share/texmf-dist/tex/latex/base/inputenc.sty
Package: inputenc 2024/02/08 v1.3d Input encoding file
\inpenc@prehook=\toks23
\inpenc@posthook=\toks24
) (/usr/share/texmf-dist/tex/latex/base/fontenc.sty
Package: fontenc 2021/04/29 v2.0v Standard LaTeX package
) (/usr/share/texmf-dist/tex/latex/geometry/geometry.sty
Package: geometry 2020/01/02 v5.9 Page Geometry
 (/usr/share/texmf-dist/tex/generic/iftex/ifvtex.sty
Package: ifvtex 2019/10/25 v1.7 ifvtex legacy package. Use iftex instead.
 (/usr/share/texmf-dist/tex/generic/iftex/iftex.sty
Package: iftex 2024/12/12 v1.0g TeX engine tests
))
\Gm@cnth=\count282
\Gm@cntv=\count283
\c@Gm@tempcnt=\count284
\Gm@bindingoffset=\dimen153
\Gm@wd@mp=\dimen154
\Gm@odd@mp=\dimen155
\Gm@even@mp=\dimen156
\Gm@layoutwidth=\dimen157
\Gm@layoutheight=\dimen158
\Gm@layouthoffset=\dimen159
\Gm@layoutvoffset=\dimen160
\Gm@dimlist=\toks25
) (/usr/share/texmf-dist/tex/generic/babel/babel.sty
Package: babel 2025/02/14 v25.4 The multilingual framework for pdfLaTeX, LuaLaTeX and XeLaTeX
\babel@savecnt=\count285
\U@D=\dimen161
\l@unhyphenated=\language6
 (/usr/share/texmf-dist/tex/generic/babel/txtbabel.def)
\bbl@readstream=\read2
\bbl@dirlevel=\count286
 (/usr/share/texmf-dist/tex/generic/babel-spanish/spanish.ldf
Language: spanish.ldf 2021/05/27 v5.0q Spanish support from the babel system
\es@quottoks=\toks26
\es@quotdepth=\count287
Package babel Info: Making " an active character on input line 570.
Package babel Info: Making . an active character on input line 675.
Package babel Info: Making < an active character on input line 722.
Package babel Info: Making > an active character on input line 722.
)) (/usr/share/texmf-dist/tex/generic/babel/locale/es/babel-spanish.tex
Package babel Info: Importing font and identification data for spanish
(babel)             from babel-es.ini. Reported on input line 11.
) (/usr/share/texmf-dist/tex/latex/transparent/transparent.sty
Package: transparent 2022-10-27 v1.5 Transparency with color stacks
 (/usr/share/texmf-dist/tex/latex/transparent/transparent-nometadata.sty
Package: transparent-nometadata 2022-10-27 v1.5 Transparency via pdfTeX's color stack (HO)
 (/usr/share/texmf-dist/tex/latex/auxhook/auxhook.sty
Package: auxhook 2019-12-17 v1.6 Hooks for auxiliary files (HO)
))) (/usr/share/texmf-dist/tex/latex/eso-pic/eso-pic.sty
Package: eso-pic 2023/05/03 v3.0c eso-pic (RN)
\ESO@tempdima=\dimen162
\ESO@tempdimb=\dimen163
 (/usr/share/texmf-dist/tex/latex/xcolor/xcolor.sty
Package: xcolor 2024/09/29 v3.02 LaTeX color extensions (UK)
 (/usr/share/texmf-dist/tex/latex/graphics-cfg/color.cfg
File: color.cfg 2016/01/02 v1.6 sample color configuration
)
Package xcolor Info: Driver file: pdftex.def on input line 274.
 (/usr/share/texmf-dist/tex/latex/graphics/mathcolor.ltx)
Package xcolor Info: Model `cmy' substituted by `cmy0' on input line 1349.
Package xcolor Info: Model `hsb' substituted by `rgb' on input line 1353.
Package xcolor Info: Model `RGB' extended on input line 1365.
Package xcolor Info: Model `HTML' substituted by `rgb' on input line 1367.
Package xcolor Info: Model `Hsb' substituted by `hsb' on input line 1368.
Package xcolor Info: Model `tHsb' substituted by `hsb' on input line 1369.
Package xcolor Info: Model `HSB' substituted by `hsb' on input line 1370.
Package xcolor Info: Model `Gray' substituted by `gray' on input line 1371.
Package xcolor Info: Model `wave' substituted by `hsb' on input line 1372.
)) (/usr/share/texmf-dist/tex/latex/caption/subcaption.sty
Package: subcaption 2023/07/28 v1.6b Sub-captions (AR)
 (/usr/share/texmf-dist/tex/latex/caption/caption.sty
Package: caption 2023/08/05 v3.6o Customizing captions (AR)
 (/usr/share/texmf-dist/tex/latex/caption/caption3.sty
Package: caption3 2023/07/31 v2.4d caption3 kernel (AR)
\caption@tempdima=\dimen164
\captionmargin=\dimen165
\caption@leftmargin=\dimen166
\caption@rightmargin=\dimen167
\caption@width=\dimen168
\caption@indent=\dimen169
\caption@parindent=\dimen170
\caption@hangindent=\dimen171
Package caption Info: Standard document class detected.
)
\c@caption@flags=\count288
\c@continuedfloat=\count289
)
Package caption Info: New subtype `subfigure' on input line 238.
\c@subfigure=\count290
Package caption Info: New subtype `subtable' on input line 238.
\c@subtable=\count291
) (/usr/share/texmf-dist/tex/latex/tools/array.sty
Package: array 2024/10/17 v2.6g Tabular extension package (FMi)
\col@sep=\dimen172
\ar@mcellbox=\box54
\extrarowheight=\dimen173
\NC@list=\toks27
\extratabsurround=\skip54
\backup@length=\skip55
\ar@cellbox=\box55
) (/usr/share/texmf-dist/tex/latex/booktabs/booktabs.sty
Package: booktabs 2020/01/12 v1.61803398 Publication quality tables
\heavyrulewidth=\dimen174
\lightrulewidth=\dimen175
\cmidrulewidth=\dimen176
\belowrulesep=\dimen177
\belowbottomsep=\dimen178
\aboverulesep=\dimen179
\abovetopsep=\dimen180
\cmidrulesep=\dimen181
\cmidrulekern=\dimen182
\defaultaddspace=\dimen183
\@cmidla=\count292
\@cmidlb=\count293
\@aboverulesep=\dimen184
\@belowrulesep=\dimen185
\@thisruleclass=\count294
\@lastruleclass=\count295
\@thisrulewidth=\dimen186
) (/usr/share/texmf-dist/tex/latex/tools/longtable.sty
Package: longtable 2024-10-27 v4.22 Multi-page Table package (DPC)
\LTleft=\skip56
\LTright=\skip57
\LTpre=\skip58
\LTpost=\skip59
\LTchunksize=\count296
\LTcapwidth=\dimen187
\LT@head=\box56
\LT@firsthead=\box57
\LT@foot=\box58
\LT@lastfoot=\box59
\LT@gbox=\box60
\LT@cols=\count297
\LT@rows=\count298
\c@LT@tables=\count299
\c@LT@chunks=\count300
\LT@p@ftn=\toks28
) (/usr/share/texmf-dist/tex/latex/float/float.sty
Package: float 2001/11/08 v1.3d Float enhancements (AL)
\c@float@type=\count301
\float@exts=\toks29
\float@box=\box61
\@float@everytoks=\toks30
\@floatcapt=\box62
)
(/usr/share/texmf-dist/tex/latex/fancyhdr/fancyhdr.sty
Package: fancyhdr 2025/02/07 v5.2 Extensive control of page headers and footers
\f@nch@headwidth=\skip60
\f@nch@offset@elh=\skip61
\f@nch@offset@erh=\skip62
\f@nch@offset@olh=\skip63
\f@nch@offset@orh=\skip64
\f@nch@offset@elf=\skip65
\f@nch@offset@erf=\skip66
\f@nch@offset@olf=\skip67
\f@nch@offset@orf=\skip68
\f@nch@height=\skip69
\f@nch@footalignment=\skip70
\f@nch@widthL=\skip71
\f@nch@widthC=\skip72
\f@nch@widthR=\skip73
\@temptokenb=\toks31
) (/usr/share/texmf-dist/tex/latex/siunitx/siunitx.sty
Package: siunitx 2025-02-27 v3.4.6 A comprehensive (SI) units package
\l__siunitx_number_uncert_offset_int=\count302
\l__siunitx_number_exponent_fixed_int=\count303
\l__siunitx_number_min_decimal_int=\count304
\l__siunitx_number_min_integer_int=\count305
\l__siunitx_number_round_precision_int=\count306
\l__siunitx_number_lower_threshold_int=\count307
\l__siunitx_number_upper_threshold_int=\count308
\l__siunitx_number_group_first_int=\count309
\l__siunitx_number_group_size_int=\count310
\l__siunitx_number_group_minimum_int=\count311
\l__siunitx_angle_tmp_dim=\dimen188
\l__siunitx_angle_marker_box=\box63
\l__siunitx_angle_unit_box=\box64
\l__siunitx_compound_count_int=\count312
 (/usr/share/texmf-dist/tex/latex/translations/translations.sty
Package: translations 2022/02/05 v1.12 internationalization of LaTeX2e packages (CN)
 (/usr/share/texmf-dist/tex/latex/etoolbox/etoolbox.sty
Package: etoolbox 2025/02/11 v2.5l e-TeX tools for LaTeX (JAW)
\etb@tempcnta=\count313
) (/usr/share/texmf-dist/tex/generic/pdftexcmds/pdftexcmds.sty
Package: pdftexcmds 2020-06-27 v0.33 Utility functions of pdfTeX for LuaTeX (HO)
 (/usr/share/texmf-dist/tex/generic/infwarerr/infwarerr.sty
Package: infwarerr 2019/12/03 v1.5 Providing info/warning/error messages (HO)
) (/usr/share/texmf-dist/tex/generic/ltxcmds/ltxcmds.sty
Package: ltxcmds 2023-12-04 v1.26 LaTeX kernel commands for general use (HO)
)
Package pdftexcmds Info: \pdf@primitive is available.
Package pdftexcmds Info: \pdf@ifprimitive is available.
Package pdftexcmds Info: \pdfdraftmode found.
))
\l__siunitx_table_tmp_box=\box65
\l__siunitx_table_tmp_dim=\dimen189
\l__siunitx_table_column_width_dim=\dimen190
\l__siunitx_table_integer_box=\box66
\l__siunitx_table_decimal_box=\box67
\l__siunitx_table_uncert_box=\box68
\l__siunitx_table_before_box=\box69
\l__siunitx_table_after_box=\box70
\l__siunitx_table_before_dim=\dimen191
\l__siunitx_table_carry_dim=\dimen192
\l__siunitx_unit_tmp_int=\count314
\l__siunitx_unit_position_int=\count315
\l__siunitx_unit_total_int=\count316
) (/usr/share/texmf-dist/tex/latex/l3backend/l3backend-pdftex.def
File: l3backend-pdftex.def 2024-05-08 L3 backend support: PDF output (pdfTeX)
\l__color_backend_stack_int=\count317
\l__pdf_internal_box=\box71
) (./main.aux
LaTeX Info: Redefining \. on input line 10.
LaTeX Info: Redefining \% on input line 10.
)
\openout1 = `main.aux'.

LaTeX Font Info:    Checking defaults for OML/cmm/m/it on input line 47.
LaTeX Font Info:    ... okay on input line 47.
LaTeX Font Info:    Checking defaults for OMS/cmsy/m/n on input line 47.
LaTeX Font Info:    ... okay on input line 47.
LaTeX Font Info:    Checking defaults for OT1/cmr/m/n on input line 47.
LaTeX Font Info:    ... okay on input line 47.
LaTeX Font Info:    Checking defaults for T1/cmr/m/n on input line 47.
LaTeX Font Info:    ... okay on input line 47.
LaTeX Font Info:    Checking defaults for TS1/cmr/m/n on input line 47.
LaTeX Font Info:    ... okay on input line 47.
LaTeX Font Info:    Checking defaults for OMX/cmex/m/n on input line 47.
LaTeX Font Info:    ... okay on input line 47.
LaTeX Font Info:    Checking defaults for U/cmr/m/n on input line 47.
LaTeX Font Info:    ... okay on input line 47.
 (/usr/share/texmf-dist/tex/context/base/mkii/supp-pdf.mkii
[Loading MPS to PDF converter (version 2006.09.02).]
\scratchcounter=\count318
\scratchdimen=\dimen193
\scratchbox=\box72
\nofMPsegments=\count319
\nofMParguments=\count320
\everyMPshowfont=\toks32
\MPscratchCnt=\count321
\MPscratchDim=\dimen194
\MPnumerator=\count322
\makeMPintoPDFobject=\count323
\everyMPtoPDFconversion=\toks33
) (/usr/share/texmf-dist/tex/latex/epstopdf-pkg/epstopdf-base.sty
Package: epstopdf-base 2020-01-24 v2.11 Base part for package epstopdf
Package epstopdf-base Info: Redefining graphics rule for `.eps' on input line 485.
 (/usr/share/texmf-dist/tex/latex/latexconfig/epstopdf-sys.cfg
File: epstopdf-sys.cfg 2010/07/13 v1.3 Configuration of (r)epstopdf for TeX Live
))
*geometry* driver: auto-detecting
*geometry* detected driver: pdftex
*geometry* verbose mode - [ preamble ] result:
* driver: pdftex
* paper: <default>
* layout: <same size as paper>
* layoutoffset:(h,v)=(0.0pt,0.0pt)
* modes: 
* h-part:(L,W,R)=(72.26999pt, 469.75502pt, 72.26999pt)
* v-part:(T,H,B)=(72.26999pt, 650.43001pt, 72.26999pt)
* \paperwidth=614.295pt
* \paperheight=794.96999pt
* \textwidth=469.75502pt
* \textheight=650.43001pt
* \oddsidemargin=0.0pt
* \evensidemargin=0.0pt
* \topmargin=-37.0pt
* \headheight=12.0pt
* \headsep=25.0pt
* \topskip=12.0pt
* \footskip=30.0pt
* \marginparwidth=44.0pt
* \marginparsep=10.0pt
* \columnsep=10.0pt
* \skip\footins=10.8pt plus 4.0pt minus 2.0pt
* \hoffset=0.0pt
* \voffset=0.0pt
* \mag=1000
* \@twocolumnfalse
* \@twosidefalse
* \@mparswitchfalse
* \@reversemarginfalse
* (1in=72.27pt=25.4mm, 1cm=28.453pt)

LaTeX Info: Redefining \. on input line 47.
LaTeX Info: Redefining \% on input line 47.
Package caption Info: Begin \AtBeginDocument code.
Package caption Info: float package is loaded.
Package caption Info: longtable package is loaded.
(/usr/share/texmf-dist/tex/latex/caption/ltcaption.sty
Package: ltcaption 2021/01/08 v1.4c longtable captions (AR)
)
Package caption Info: End \AtBeginDocument code.
 (/usr/share/texmf-dist/tex/latex/translations/translations-basic-dictionary-spanish.trsl
File: translations-basic-dictionary-spanish.trsl (spanish translation file `translations-basic-dictionary')
)
Package translations Info: loading dictionary `translations-basic-dictionary' for `spanish'. on input line 47.
LaTeX Font Info:    Trying to load font information for U+msa on input line 49.
 (/usr/share/texmf-dist/tex/latex/amsfonts/umsa.fd
File: umsa.fd 2013/01/14 v3.01 AMS symbols A
)
LaTeX Font Info:    Trying to load font information for U+msb on input line 49.
 (/usr/share/texmf-dist/tex/latex/amsfonts/umsb.fd
File: umsb.fd 2013/01/14 v3.01 AMS symbols B
)
<empanadas.jpg, id=1, 642.4pt x 642.4pt>
File: empanadas.jpg Graphic file (type jpg)
<use empanadas.jpg>
Package pdftex.def Info: empanadas.jpg  used on input line 52.
(pdftex.def)             Requested size: 399.29463pt x 399.30331pt.


<IN.png, id=2, 198.7425pt x 255.95625pt>
File: IN.png Graphic file (type png)
<use IN.png>
Package pdftex.def Info: IN.png  used on input line 54.
(pdftex.def)             Requested size: 583.57837pt x 751.78368pt.
[1

{/var/lib/texmf/fonts/map/pdftex/updmap/pdftex.map}{/usr/share/texmf-dist/fonts/enc/dvips/cm-super/cm-super-t1.enc}{/usr/share/texmf-dist/fonts/enc/dvips/cm-super/cm-super-ts1.enc} <./IN.png> <./empanadas.jpg>] (./main.toc
LaTeX Info: Redefining \. on input line 1.
LaTeX Info: Redefining \% on input line 1.
)
\tf@toc=\write3
\openout3 = `main.toc'.



File: IN.png Graphic file (type png)
<use IN.png>
Package pdftex.def Info: IN.png  used on input line 57.
(pdftex.def)             Requested size: 583.57837pt x 751.78368pt.
[2]
Underfull \hbox (badness 10000) in paragraph at lines 69--70

 []


Underfull \hbox (badness 10000) in paragraph at lines 71--72

 []



File: IN.png Graphic file (type png)
<use IN.png>
Package pdftex.def Info: IN.png  used on input line 79.
(pdftex.def)             Requested size: 583.57837pt x 751.78368pt.
[3]

File: IN.png Graphic file (type png)
<use IN.png>
Package pdftex.def Info: IN.png  used on input line 85.
(pdftex.def)             Requested size: 583.57837pt x 751.78368pt.
[4]
Underfull \hbox (badness 1173) in paragraph at lines 93--93
[]|\T1/cmr/bx/n/12 Costo For-ma-
 []


Underfull \hbox (badness 4120) in paragraph at lines 95--95
[]|\T1/cmr/bx/n/12 Costo / 100
 []


Underfull \hbox (badness 4595) in paragraph at lines 100--100
[]|\T1/cmr/m/n/12 180 Un (15
 []


Underfull \hbox (badness 1742) in paragraph at lines 101--101
[]|\T1/cmr/m/n/12 Huevos La Mon-ta-ña
 []


Underfull \hbox (badness 4595) in paragraph at lines 101--101
[]|\T1/cmr/m/n/12 180 Un (15
 []


Underfull \hbox (badness 10000) in paragraph at lines 104--104
[]|\T1/cmr/m/n/12 $$\OT1/cmr/m/n/12 4890$
 []


Overfull \hbox (7.31355pt too wide) in paragraph at lines 104--104
\T1/cmr/m/n/12 ([])| 
 []


Underfull \hbox (badness 10000) in paragraph at lines 108--108
[]|\T1/cmr/m/n/12 Central Ma-yo-ris-ta
 []


Underfull \hbox (badness 1924) in paragraph at lines 114--114
[]|\T1/cmr/m/n/12 Distribuidora San-tia-
 []


Underfull \hbox (badness 2426) in paragraph at lines 114--114
\T1/cmr/m/n/12 (2.4 KG to-
 []


Underfull \hbox (badness 10000) in paragraph at lines 115--115
[]|\T1/cmr/m/n/12 Distribuidora Nue-va
 []


Underfull \hbox (badness 10000) in paragraph at lines 115--115
\T1/cmr/m/n/12 de Mat-te (Que-so
 []


Underfull \hbox (badness 10000) in paragraph at lines 115--115
[]|\T1/cmr/m/n/12 20 uni-da-
 []


Underfull \hbox (badness 10000) in paragraph at lines 115--115
\T1/cmr/m/n/12 des (asu-mir
 []


Underfull \hbox (badness 10000) in paragraph at lines 115--115
\T1/cmr/m/n/12 20g/u, to-tal
 []


Underfull \hbox (badness 10000) in paragraph at lines 115--117
\T1/cmr/m/n/12 (\T1/cmr/m/it/12 Nota: Que-so
 []


Underfull \hbox (badness 2512) in paragraph at lines 115--117
\T1/cmr/m/it/12 Ched-dar, pre-cio
 []


Underfull \hbox (badness 10000) in paragraph at lines 117--117
[]|\T1/cmr/m/n/12 Distribuidora Nue-va
 []


Underfull \hbox (badness 10000) in paragraph at lines 117--117
\T1/cmr/m/n/12 de Mat-te (Que-so
 []


Underfull \hbox (badness 10000) in paragraph at lines 117--117
[]|\T1/cmr/m/n/12 $$\OT1/cmr/m/n/12 6940$ \T1/cmr/m/n/12 (\T1/cmr/m/it/12 ima-gen
 []


Underfull \hbox (badness 2951) in paragraph at lines 117--117
\T1/cmr/m/it/12 pre-cio de ta-bla
 []


Underfull \hbox (badness 10000) in paragraph at lines 120--120
[]|\T1/cmr/m/n/12 Santiago Na-tu-ral
 []


Underfull \hbox (badness 1824) in paragraph at lines 124--124
[]|\T1/cmr/m/n/12 $$\OT1/cmr/m/n/12 49 000$ \T1/cmr/m/n/12 / 6 =
 []


Underfull \hbox (badness 10000) in paragraph at lines 125--125
[]|\T1/cmr/m/n/12 Central Ma-yo-ris-ta
 []


Underfull \hbox (badness 10000) in paragraph at lines 128--128
[]|\T1/cmr/m/n/12 Central Ma-yo-ris-ta
 []


Underfull \hbox (badness 5681) in paragraph at lines 129--129
[]|\T1/cmr/m/n/12 Distribuidora On-li-ne
 []


Underfull \hbox (badness 10000) in paragraph at lines 133--133
[]|\T1/cmr/m/n/12 Santiago Na-tu-ral
 []


Underfull \hbox (badness 3219) in paragraph at lines 137--137
[]|\T1/cmr/m/n/12 Directo de la Ve-ga
 []


Underfull \hbox (badness 3058) in paragraph at lines 148--148
[]|\T1/cmr/m/n/12 Alaia Gour-met (Sin
 []

File: IN.png Graphic file (type png)
<use IN.png>
Package pdftex.def Info: IN.png  used on input line 152.
(pdftex.def)             Requested size: 583.57837pt x 751.78368pt.
[5]

File: IN.png Graphic file (type png)
<use IN.png>
Package pdftex.def Info: IN.png  used on input line 153.
(pdftex.def)             Requested size: 583.57837pt x 751.78368pt.
[6]
<palaci.png, id=38, 459.7175pt x 280.04625pt>
File: palaci.png Graphic file (type png)
<use palaci.png>
Package pdftex.def Info: palaci.png  used on input line 160.
(pdftex.def)             Requested size: 225.4804pt x 137.35632pt.
<kosa.png, id=39, 310.15875pt x 187.70125pt>
File: kosa.png Graphic file (type png)
<use kosa.png>
Package pdftex.def Info: kosa.png  used on input line 167.
(pdftex.def)             Requested size: 225.4804pt x 136.45367pt.
<donhuevo.png, id=40, 698.61pt x 342.27875pt>
File: donhuevo.png Graphic file (type png)
<use donhuevo.png>
Package pdftex.def Info: donhuevo.png  used on input line 179.
(pdftex.def)             Requested size: 225.4804pt x 110.47151pt.
<montan1.png, id=41, 498.86375pt x 216.81pt>
File: montan1.png Graphic file (type png)
<use montan1.png>
Package pdftex.def Info: montan1.png  used on input line 186.
(pdftex.def)             Requested size: 225.4804pt x 97.99367pt.
<gk.png, id=42, 569.12625pt x 291.0875pt>
File: gk.png Graphic file (type png)
<use gk.png>
Package pdftex.def Info: gk.png  used on input line 198.
(pdftex.def)             Requested size: 225.4804pt x 115.32697pt.
<oceanic.png, id=43, 462.72874pt x 280.04625pt>
File: oceanic.png Graphic file (type png)
<use oceanic.png>
Package pdftex.def Info: oceanic.png  used on input line 205.
(pdftex.def)             Requested size: 225.4804pt x 136.46323pt.


File: IN.png Graphic file (type png)
<use IN.png>
Package pdftex.def Info: IN.png  used on input line 212.
(pdftex.def)             Requested size: 583.57837pt x 751.78368pt.
[7 <./palaci.png> <./kosa.png> <./donhuevo.png (PNG copy)> <./montan1.png> <./gk.png> <./oceanic.png>]
<central.png, id=49, 470.75874pt x 222.8325pt>
File: central.png Graphic file (type png)
<use central.png>
Package pdftex.def Info: central.png  used on input line 218.
(pdftex.def)             Requested size: 225.4804pt x 106.73058pt.
<paiquito.png, id=50, 583.17876pt x 307.1475pt>
File: paiquito.png Graphic file (type png)
<use paiquito.png>
Package pdftex.def Info: paiquito.png  used on input line 225.
(pdftex.def)             Requested size: 225.4804pt x 118.75597pt.
<santiago.png, id=51, 593.21625pt x 259.97125pt>
File: santiago.png Graphic file (type png)
<use santiago.png>
Package pdftex.def Info: santiago.png  used on input line 237.
(pdftex.def)             Requested size: 225.4804pt x 98.81389pt.
<nueva.png, id=52, 526.96875pt x 290.08376pt>
File: nueva.png Graphic file (type png)
<use nueva.png>
Package pdftex.def Info: nueva.png  used on input line 244.
(pdftex.def)             Requested size: 225.4804pt x 124.12274pt.
<nat.png, id=53, 657.45625pt x 310.15875pt>
File: nat.png Graphic file (type png)
<use nat.png>
Package pdftex.def Info: nat.png  used on input line 256.
(pdftex.def)             Requested size: 225.4804pt x 106.3707pt.
<fres.png, id=54, 722.7pt x 308.15125pt>
File: fres.png Graphic file (type png)
<use fres.png>
Package pdftex.def Info: fres.png  used on input line 263.
(pdftex.def)             Requested size: 225.4804pt x 96.14185pt.


File: IN.png Graphic file (type png)
<use IN.png>
Package pdftex.def Info: IN.png  used on input line 270.
(pdftex.def)             Requested size: 583.57837pt x 751.78368pt.
[8 <./central.png> <./paiquito.png> <./santiago.png> <./nueva.png> <./nat.png> <./fres.png>]
<prosud.png, id=58, 612.2875pt x 312.16624pt>
File: prosud.png Graphic file (type png)
<use prosud.png>
Package pdftex.def Info: prosud.png  used on input line 275.
(pdftex.def)             Requested size: 225.4804pt x 114.95668pt.
<aceite.png, id=59, 412.54124pt x 206.7725pt>
File: aceite.png Graphic file (type png)
<use aceite.png>
Package pdftex.def Info: aceite.png  used on input line 282.
(pdftex.def)             Requested size: 225.4804pt x 113.01532pt.
<lobos.png, id=60, 394.47375pt x 212.795pt>
File: lobos.png Graphic file (type png)
<use lobos.png>
Package pdftex.def Info: lobos.png  used on input line 294.
(pdftex.def)             Requested size: 225.4804pt x 121.63208pt.
<online.png, id=61, 602.25pt x 361.35pt>
File: online.png Graphic file (type png)
<use online.png>
Package pdftex.def Info: online.png  used on input line 301.
(pdftex.def)             Requested size: 225.4804pt x 135.29088pt.
<vega.png, id=62, 491.8375pt x 220.825pt>
File: vega.png Graphic file (type png)
<use vega.png>
Package pdftex.def Info: vega.png  used on input line 313.
(pdftex.def)             Requested size: 225.4804pt x 101.23703pt.
<Oregano.png, id=63, 564.1075pt x 317.185pt>
File: Oregano.png Graphic file (type png)
<use Oregano.png>
Package pdftex.def Info: Oregano.png  used on input line 320.
(pdftex.def)             Requested size: 225.4804pt x 126.78462pt.


File: IN.png Graphic file (type png)
<use IN.png>
Package pdftex.def Info: IN.png  used on input line 327.
(pdftex.def)             Requested size: 583.57837pt x 751.78368pt.
[9 <./prosud.png> <./aceite.png> <./lobos.png> <./online.png> <./vega.png> <./Oregano.png>]
<cholitos.png, id=67, 614.295pt x 297.11pt>
File: cholitos.png Graphic file (type png)
<use cholitos.png>
Package pdftex.def Info: cholitos.png  used on input line 332.
(pdftex.def)             Requested size: 225.4804pt x 109.054pt.
<comino.png, id=68, 508.90125pt x 208.78pt>
File: comino.png Graphic file (type png)
<use comino.png>
Package pdftex.def Info: comino.png  used on input line 339.
(pdftex.def)             Requested size: 225.4804pt x 92.5038pt.
<negra.png, id=69, 478.78876pt x 206.7725pt>
File: negra.png Graphic file (type png)
<use negra.png>
Package pdftex.def Info: negra.png  used on input line 351.
(pdftex.def)             Requested size: 225.4804pt x 97.37553pt.
<pimienta.png, id=70, 653.44125pt x 268.00125pt>
File: pimienta.png Graphic file (type png)
<use pimienta.png>
Package pdftex.def Info: pimienta.png  used on input line 358.
(pdftex.def)             Requested size: 225.4804pt x 92.47688pt.
<chile.png, id=71, 486.81876pt x 221.82875pt>
File: chile.png Graphic file (type png)
<use chile.png>
Package pdftex.def Info: chile.png  used on input line 370.
(pdftex.def)             Requested size: 225.4804pt x 102.7431pt.
<nutri.png, id=72, 488.82625pt x 227.85126pt>
File: nutri.png Graphic file (type png)
<use nutri.png>
Package pdftex.def Info: nutri.png  used on input line 377.
(pdftex.def)             Requested size: 225.4804pt x 105.10141pt.


File: IN.png Graphic file (type png)
<use IN.png>
Package pdftex.def Info: IN.png  used on input line 384.
(pdftex.def)             Requested size: 583.57837pt x 751.78368pt.
[10 <./cholitos.png> <./comino.png> <./negra.png> <./pimienta.png> <./chile.png> <./nutri.png>]
<gourmet.png, id=76, 542.025pt x 311.1625pt>
File: gourmet.png Graphic file (type png)
<use gourmet.png>
Package pdftex.def Info: gourmet.png  used on input line 389.
(pdftex.def)             Requested size: 225.4804pt x 129.44339pt.
<libre.png, id=77, 470.75874pt x 287.0725pt>
File: libre.png Graphic file (type png)
<use libre.png>
Package pdftex.def Info: libre.png  used on input line 396.
(pdftex.def)             Requested size: 225.4804pt x 137.49974pt.

Overfull \hbox (49.53928pt too wide) in paragraph at lines 411--432
 [][] 
 []


Overfull \hbox (6.03683pt too wide) detected at line 465
 \T1/cmr/bx/n/10.95 Total Neto ($) 
 []



File: IN.png Graphic file (type png)
<use IN.png>
Package pdftex.def Info: IN.png  used on input line 491.
(pdftex.def)             Requested size: 583.57837pt x 751.78368pt.
[11 <./gourmet.png> <./libre.png>]

File: IN.png Graphic file (type png)
<use IN.png>
Package pdftex.def Info: IN.png  used on input line 498.
(pdftex.def)             Requested size: 583.57837pt x 751.78368pt.
[12]

File: IN.png Graphic file (type png)
<use IN.png>
Package pdftex.def Info: IN.png  used on input line 536.
(pdftex.def)             Requested size: 583.57837pt x 751.78368pt.
[13]
Overfull \hbox (1.81274pt too wide) in paragraph at lines 575--577
\T1/cmr/m/n/12 Considerando un gru-po de 4 es-tu-dian-tes: \T1/cmr/bx/n/12 Suel-do por In-te-gran-te: \T1/cmr/m/n/12 $$\OT1/cmr/m/n/12 568 993$ \T1/cmr/m/n/12 / 4 = $$\OT1/cmr/m/n/12 142 248[]25$
 []



File: IN.png Graphic file (type png)
<use IN.png>
Package pdftex.def Info: IN.png  used on input line 580.
(pdftex.def)             Requested size: 583.57837pt x 751.78368pt.
[14]
Overfull \hbox (29.39388pt too wide) in paragraph at lines 582--583
[]\T1/cmr/m/n/12 El aná-li-sis fi-nan-cie-ro pre-li-mi-nar pa-ra el em-pren-di-mien-to "Las Em-pa-na-das Her-ma-nas"demuestra
 []



File: IN.png Graphic file (type png)
<use IN.png>
Package pdftex.def Info: IN.png  used on input line 592.
(pdftex.def)             Requested size: 583.57837pt x 751.78368pt.
[15] (./main.aux
LaTeX Info: Redefining \. on input line 10.
LaTeX Info: Redefining \% on input line 10.
)
 ***********
LaTeX2e <2024-11-01> patch level 2
L3 programming layer <2025-01-18>
 ***********
 ) 
Here is how much of TeX's memory you used:
 12380 strings out of 475109
 256460 string characters out of 5765325
 667247 words of memory out of 5000000
 35250 multiletter control sequences out of 15000+600000
 580647 words of font info for 92 fonts, out of 8000000 for 9000
 40 hyphenation exceptions out of 8191
 73i,19n,85p,741b,541s stack positions out of 10000i,1000n,20000p,200000b,200000s
</usr/share/texmf-dist/fonts/type1/public/amsfonts/cm/cmmi10.pfb></usr/share/texmf-dist/fonts/type1/public/amsfonts/cm/cmmi12.pfb></usr/share/texmf-dist/fonts/type1/public/amsfonts/cm/cmr10.pfb></usr/share/texmf-dist/fonts/type1/public/amsfonts/cm/cmr12.pfb></usr/share/texmf-dist/fonts/type1/public/amsfonts/cm/cmsy10.pfb></usr/share/texmf-dist/fonts/type1/public/cm-super/sfbx1095.pfb></usr/share/texmf-dist/fonts/type1/public/cm-super/sfbx1200.pfb></usr/share/texmf-dist/fonts/type1/public/cm-super/sfbx1440.pfb></usr/share/texmf-dist/fonts/type1/public/cm-super/sfbx1728.pfb></usr/share/texmf-dist/fonts/type1/public/cm-super/sfrm0700.pfb></usr/share/texmf-dist/fonts/type1/public/cm-super/sfrm0800.pfb></usr/share/texmf-dist/fonts/type1/public/cm-super/sfrm1000.pfb></usr/share/texmf-dist/fonts/type1/public/cm-super/sfrm1095.pfb></usr/share/texmf-dist/fonts/type1/public/cm-super/sfrm1200.pfb></usr/share/texmf-dist/fonts/type1/public/cm-super/sfrm1440.pfb></usr/share/texmf-dist/fonts/type1/public/cm-super/sfrm2074.pfb></usr/share/texmf-dist/fonts/type1/public/cm-super/sfti1200.pfb></usr/share/texmf-dist/fonts/type1/public/cm-super/sfti1440.pfb></usr/share/texmf-dist/fonts/type1/public/cm-super/sfti2074.pfb>
Output written on main.pdf (15 pages, 3510163 bytes).
PDF statistics:
 188 PDF objects out of 1000 (max. 8388607)
 100 compressed objects within 1 object stream
 0 named destinations out of 1000 (max. 500000)
 141 words of extra memory for PDF output out of 10000 (max. 10000000)

